2016-02-23 17:31:59,675  User ,functionName:Login,msg: Login Operation userName:admin 
2016-02-23 17:32:08,153  User admin,functionName:,msg:List 
2016-02-23 17:35:01,998  User admin,functionName:,msg:Show 
2016-02-23 17:35:12,158  User admin,functionName:,msg:List 
2016-02-23 17:35:27,620  User admin,functionName:,msg:List 
2016-02-23 17:35:30,868  User admin,functionName:GetCardTypes ,msg:{"Action":"GetCardTypes","CardTypeID":0,"ConditionStr":"CardTypeID='2'","PageCurrent":"0","PageSize":"0","Language":"zh_CN","ResponseCode":0} 
2016-02-23 17:35:31,975  User admin,functionName:GetCardTypes,msg: error ,Error Message: 
System.Net.WebException: Unable to connect to the remote server ---> System.Net.Sockets.SocketException: No connection could be made because the target machine actively refused it 172.16.64.202:8081
   at System.Net.Sockets.Socket.DoConnect(EndPoint endPointSnapshot, SocketAddress socketAddress)
   at System.Net.Sockets.Socket.InternalConnect(EndPoint remoteEP)
   at System.Net.ServicePoint.ConnectSocketInternal(Boolean connectFailure, Socket s4, Socket s6, Socket& socket, IPAddress& address, ConnectSocketState state, IAsyncResult asyncResult, Int32 timeout, Exception& exception)
   --- End of inner exception stack trace ---
   at System.Net.HttpWebRequest.GetRequestStream(TransportContext& context)
   at System.Net.HttpWebRequest.GetRequestStream()
   at System.Web.Services.Protocols.SoapHttpClientProtocol.Invoke(String methodName, Object[] parameters)
   at Edge.Web.SVAWebReference.SVAWebService.request(String hexStr, String hexKey) in D:\Working\WebBuying_NEWUI\Edge.NewWeb\Web References\SVAWebReference\Reference.cs:line 79
   at Edge.Web.Tools.ResetPasswordUtil.GetCardTypeInfo(CardTypeInfoRequest request, String lan) in D:\Working\WebBuying_NEWUI\Edge.NewWeb\Tools\ResetPasswordUtil.cs:line 149
2016-02-23 17:35:32,100  User admin,functionName:GetCardGrades ,msg:{"Action":"GetCardGrades","CardTypeID":0,"ConditionStr":"CardGradeID='2'","PageCurrent":"0","PageSize":"0","Language":"zh_CN","ResponseCode":0} 
2016-02-23 17:35:33,114  User admin,functionName:GetCardGrades,msg: error ,Error Message: 
System.Net.WebException: Unable to connect to the remote server ---> System.Net.Sockets.SocketException: No connection could be made because the target machine actively refused it 172.16.64.202:8081
   at System.Net.Sockets.Socket.DoConnect(EndPoint endPointSnapshot, SocketAddress socketAddress)
   at System.Net.Sockets.Socket.InternalConnect(EndPoint remoteEP)
   at System.Net.ServicePoint.ConnectSocketInternal(Boolean connectFailure, Socket s4, Socket s6, Socket& socket, IPAddress& address, ConnectSocketState state, IAsyncResult asyncResult, Int32 timeout, Exception& exception)
   --- End of inner exception stack trace ---
   at System.Net.HttpWebRequest.GetRequestStream(TransportContext& context)
   at System.Net.HttpWebRequest.GetRequestStream()
   at System.Web.Services.Protocols.SoapHttpClientProtocol.Invoke(String methodName, Object[] parameters)
   at Edge.Web.SVAWebReference.SVAWebService.request(String hexStr, String hexKey) in D:\Working\WebBuying_NEWUI\Edge.NewWeb\Web References\SVAWebReference\Reference.cs:line 79
   at Edge.Web.Tools.ResetPasswordUtil.GetCardGradeInfo(CardGradeInfoRequest request, String lan) in D:\Working\WebBuying_NEWUI\Edge.NewWeb\Tools\ResetPasswordUtil.cs:line 204
2016-02-23 17:35:39,054  User admin,functionName:GetCardTypes ,msg:{"Action":"GetCardTypes","CardTypeID":0,"ConditionStr":"","PageCurrent":"0","PageSize":"0","Language":"zh_CN","ResponseCode":0} 
2016-02-23 17:35:40,084  User admin,functionName:GetCardTypes,msg: error ,Error Message: 
System.Net.WebException: Unable to connect to the remote server ---> System.Net.Sockets.SocketException: No connection could be made because the target machine actively refused it 172.16.64.202:8081
   at System.Net.Sockets.Socket.DoConnect(EndPoint endPointSnapshot, SocketAddress socketAddress)
   at System.Net.Sockets.Socket.InternalConnect(EndPoint remoteEP)
   at System.Net.ServicePoint.ConnectSocketInternal(Boolean connectFailure, Socket s4, Socket s6, Socket& socket, IPAddress& address, ConnectSocketState state, IAsyncResult asyncResult, Int32 timeout, Exception& exception)
   --- End of inner exception stack trace ---
   at System.Net.HttpWebRequest.GetRequestStream(TransportContext& context)
   at System.Net.HttpWebRequest.GetRequestStream()
   at System.Web.Services.Protocols.SoapHttpClientProtocol.Invoke(String methodName, Object[] parameters)
   at Edge.Web.SVAWebReference.SVAWebService.request(String hexStr, String hexKey) in D:\Working\WebBuying_NEWUI\Edge.NewWeb\Web References\SVAWebReference\Reference.cs:line 79
   at Edge.Web.Tools.ResetPasswordUtil.GetCardTypeInfo(CardTypeInfoRequest request, String lan) in D:\Working\WebBuying_NEWUI\Edge.NewWeb\Tools\ResetPasswordUtil.cs:line 149
2016-02-23 17:36:12,104  User admin,functionName:GetCardTypes ,msg:{"Action":"GetCardTypes","CardTypeID":0,"ConditionStr":"","PageCurrent":"0","PageSize":"0","Language":"zh_CN","ResponseCode":0} 
2016-02-23 17:36:13,133  User admin,functionName:GetCardTypes,msg: error ,Error Message: 
System.Net.WebException: Unable to connect to the remote server ---> System.Net.Sockets.SocketException: No connection could be made because the target machine actively refused it 172.16.64.202:8081
   at System.Net.Sockets.Socket.DoConnect(EndPoint endPointSnapshot, SocketAddress socketAddress)
   at System.Net.Sockets.Socket.InternalConnect(EndPoint remoteEP)
   at System.Net.ServicePoint.ConnectSocketInternal(Boolean connectFailure, Socket s4, Socket s6, Socket& socket, IPAddress& address, ConnectSocketState state, IAsyncResult asyncResult, Int32 timeout, Exception& exception)
   --- End of inner exception stack trace ---
   at System.Net.HttpWebRequest.GetRequestStream(TransportContext& context)
   at System.Net.HttpWebRequest.GetRequestStream()
   at System.Web.Services.Protocols.SoapHttpClientProtocol.Invoke(String methodName, Object[] parameters)
   at Edge.Web.SVAWebReference.SVAWebService.request(String hexStr, String hexKey) in D:\Working\WebBuying_NEWUI\Edge.NewWeb\Web References\SVAWebReference\Reference.cs:line 79
   at Edge.Web.Tools.ResetPasswordUtil.GetCardTypeInfo(CardTypeInfoRequest request, String lan) in D:\Working\WebBuying_NEWUI\Edge.NewWeb\Tools\ResetPasswordUtil.cs:line 149
2016-02-23 17:37:08,909  User admin,functionName:GetCardTypes ,msg:{"Action":"GetCardTypes","CardTypeID":0,"ConditionStr":"CardTypeID='2'","PageCurrent":"0","PageSize":"0","Language":"zh_CN","ResponseCode":0} 
2016-02-23 17:37:09,954  User admin,functionName:GetCardTypes,msg: error ,Error Message: 
System.Net.WebException: Unable to connect to the remote server ---> System.Net.Sockets.SocketException: No connection could be made because the target machine actively refused it 172.16.64.202:8081
   at System.Net.Sockets.Socket.DoConnect(EndPoint endPointSnapshot, SocketAddress socketAddress)
   at System.Net.Sockets.Socket.InternalConnect(EndPoint remoteEP)
   at System.Net.ServicePoint.ConnectSocketInternal(Boolean connectFailure, Socket s4, Socket s6, Socket& socket, IPAddress& address, ConnectSocketState state, IAsyncResult asyncResult, Int32 timeout, Exception& exception)
   --- End of inner exception stack trace ---
   at System.Net.HttpWebRequest.GetRequestStream(TransportContext& context)
   at System.Net.HttpWebRequest.GetRequestStream()
   at System.Web.Services.Protocols.SoapHttpClientProtocol.Invoke(String methodName, Object[] parameters)
   at Edge.Web.SVAWebReference.SVAWebService.request(String hexStr, String hexKey) in D:\Working\WebBuying_NEWUI\Edge.NewWeb\Web References\SVAWebReference\Reference.cs:line 79
   at Edge.Web.Tools.ResetPasswordUtil.GetCardTypeInfo(CardTypeInfoRequest request, String lan) in D:\Working\WebBuying_NEWUI\Edge.NewWeb\Tools\ResetPasswordUtil.cs:line 149
2016-02-23 17:37:09,954  User admin,functionName:GetCardGrades ,msg:{"Action":"GetCardGrades","CardTypeID":0,"ConditionStr":"CardGradeID='2'","PageCurrent":"0","PageSize":"0","Language":"zh_CN","ResponseCode":0} 
2016-02-23 17:37:10,952  User admin,functionName:GetCardGrades,msg: error ,Error Message: 
System.Net.WebException: Unable to connect to the remote server ---> System.Net.Sockets.SocketException: No connection could be made because the target machine actively refused it 172.16.64.202:8081
   at System.Net.Sockets.Socket.DoConnect(EndPoint endPointSnapshot, SocketAddress socketAddress)
   at System.Net.Sockets.Socket.InternalConnect(EndPoint remoteEP)
   at System.Net.ServicePoint.ConnectSocketInternal(Boolean connectFailure, Socket s4, Socket s6, Socket& socket, IPAddress& address, ConnectSocketState state, IAsyncResult asyncResult, Int32 timeout, Exception& exception)
   --- End of inner exception stack trace ---
   at System.Net.HttpWebRequest.GetRequestStream(TransportContext& context)
   at System.Net.HttpWebRequest.GetRequestStream()
   at System.Web.Services.Protocols.SoapHttpClientProtocol.Invoke(String methodName, Object[] parameters)
   at Edge.Web.SVAWebReference.SVAWebService.request(String hexStr, String hexKey) in D:\Working\WebBuying_NEWUI\Edge.NewWeb\Web References\SVAWebReference\Reference.cs:line 79
   at Edge.Web.Tools.ResetPasswordUtil.GetCardGradeInfo(CardGradeInfoRequest request, String lan) in D:\Working\WebBuying_NEWUI\Edge.NewWeb\Tools\ResetPasswordUtil.cs:line 204
2016-02-23 17:37:50,123  User admin,functionName:,msg:List 
2016-02-23 17:41:29,391  User ,functionName:Login,msg: Login Operation userName:admin 
2016-02-23 17:51:28,897  User ,functionName:Login,msg: Login Operation userName:admin 
2016-02-23 17:54:19,095  User ,functionName:Login,msg: Login Operation userName:admin 
2016-02-23 17:54:45,357  User admin,functionName:,msg:List 
2016-02-23 18:02:49,427  User ,functionName:,msg:List 
2016-02-23 18:03:01,112  User ,functionName:Login,msg: Login Operation userName:admin 
2016-02-23 18:05:27,583  User ,functionName:Login,msg: Login Operation userName:admin 
