2017-11-16 13:44:35,577  User ,functionName:Login,msg: Login Operation userName:admin 
2017-11-16 14:41:58,538  User ,functionName:Login,msg: Login Operation userName:admin 
2017-11-16 14:45:11,708  User ,functionName:Login,msg: Login Operation userName:admin 
2017-11-16 14:45:33,425  User ,functionName:Login,msg: Login Operation userName:admin 
2017-11-16 14:45:46,385  User ,functionName:Login,msg: Login Operation userName:admin 
2017-11-16 15:00:42,937  User ,functionName:Login,msg: Login Operation userName:admin 
2017-11-16 15:10:16,361  User ,functionName:Login,msg: Login Operation userName:admin 
2017-11-16 15:12:48,285  User ,functionName:Login,msg: Login Operation userName:admin 
2017-11-16 15:14:09,584  User ,functionName:Login,msg: Login Operation userName:admin 
2017-11-16 15:16:44,280  User ,functionName:Login,msg: Login Operation userName:admin 
2017-11-16 15:18:55,092  User ,functionName:Login,msg: Login Operation userName:admin 
2017-11-16 15:29:04,983  User ,functionName:Login,msg: Login Operation userName:admin 
2017-11-16 15:32:05,484  User ,functionName:Login,msg: Login Operation userName:admin 
2017-11-16 18:12:56,378  User ,functionName:Login,msg: Login Operation userName:admin 
2017-11-16 18:18:25,915  User ,functionName:Login,msg: Login Operation userName:919246 
2017-11-16 18:18:42,572  User ,functionName:Login,msg: Login Operation userName:admin 
2017-11-16 18:19:15,787  User admin,functionName:,msg:List 
2017-11-16 18:22:25,977  User admin,functionName:,msg: Update  
2017-11-16 18:22:26,240  User admin,functionName:,msg:Update Product Success Code:12121066 
2017-11-16 18:26:30,226  User admin,functionName:,msg:List 
2017-11-16 18:29:15,210  User admin,functionName:,msg:Store Order SPO000000001896 Add Success 
2017-11-16 18:29:38,001  User admin,functionName:,msg:List 
2017-11-16 19:29:12,652  User ,functionName:Login,msg: Login Operation userName:admin 
