2017-05-30 11:58:12,988  User ,functionName:Login,msg: Login Operation userName:admin 
2017-05-30 12:06:43,232  User admin,functionName:,msg:Approve Success :SHP000000002532 
2017-05-30 12:08:14,389  User ,functionName:Login,msg: Login Operation userName:admin 
2017-05-30 12:33:27,402  User admin,functionName:,msg:Store Order SPO000000001844 Add Success 
2017-05-30 12:35:08,560  User admin,functionName:,msg:Approve Success :SPO000000001844 
2017-05-30 12:36:14,511  User admin,functionName:,msg:Approve Success :SHP000000002418 
2017-05-30 12:45:21,061  User admin,functionName:,msg:List 
2017-05-30 12:49:43,424  User admin,functionName:,msg:List 
2017-05-30 12:58:27,900  User ,functionName:Login,msg: Login Operation userName:admin 
2017-05-30 12:59:41,113  User admin,functionName:,msg:Approve Success :SHP000000002419 
2017-05-30 13:00:37,368  User admin,functionName:,msg:Receive Store Order RECIO0000001348 Update Success 
2017-05-30 13:01:17,106  User admin,functionName:,msg:Receive Store Order RECIO0000001348 Update Success 
2017-05-30 14:02:17,433  User ,functionName:Login,msg: Login Operation userName:admin 
2017-05-30 14:02:27,171  User ,functionName:Login,msg: Login Operation userName:admin 
2017-05-30 14:02:44,642  User admin,functionName:,msg:List 
2017-05-30 14:41:29,189  User ,functionName:Login,msg: Login Operation userName:admin 
2017-05-30 14:42:29,531  User ,functionName:Login,msg: Login Operation userName:admin 
2017-05-30 14:46:24,184  User ,functionName:Login,msg: Login Operation userName:admin 
2017-05-30 14:50:36,514  User ,functionName:Login,msg: Login Operation userName:store supervisor 
2017-05-30 14:50:48,847  User ,functionName:Login,msg: Login Operation userName:store_supervisor 
2017-05-30 14:51:27,726  User ,functionName:Login,msg: Login Operation userName:store supervisor 
2017-05-30 14:51:57,378  User Store Supervisor,functionName:,msg:Trans Out Store Order TRAOUT000002355 Add Success 
2017-05-30 14:52:15,109  User Store Supervisor,functionName:,msg:Approve Success :TRAOUT000002355 
2017-05-30 14:55:33,038  User Store Supervisor,functionName:Store Order,msg:Load Faild,Error Message: 
System.Data.SqlClient.SqlException (0x80131904): Incorrect syntax near the keyword 'and'.
   at Edge.DBUtility.DbHelperSQL.GetSingle(String SQLString) in C:\SVN\WebBuying\DBUtility\DbHelperSQL.cs:line 569
   at Edge.SVA.SQLServerDAL.Ord_TransInOrder_H.GetRecordCount(String strWhere) in C:\SVN2\WebBuying_TGP\Edge.SVA.SQLServerDAL\Master\Ord_TransInOrder_H.cs:line 507
   at Edge.SVA.BLL.Ord_TransInOrder_H.GetRecordCount(String strWhere) in C:\SVN2\WebBuying_TGP\Edge.SVA.BLL\Master\Ord_TransInOrder_H.cs:line 260
   at Edge.Web.Controllers.Operation.StoreOrderManagement.TransInStoreOrder.TransInStoreOrderController.GetTransactionList(String strWhere, Int32 pageSize, Int32 pageIndex, Int32& recodeCount, String sortFieldStr) in C:\SVN2\WebBuying_TGP\Edge.NewWeb\Controllers\Operation\StoreOrderManagement\TransInStoreOrderController.cs:line 45
   at Edge.Web.Operation.StoreOrderManagement.TransInOrder.List.RptBind(String strWhere, String orderby) in C:\SVN2\WebBuying_TGP\Edge.NewWeb\Operation\StoreOrderManagement\TransInOrder\List.aspx.cs:line 204
ClientConnectionId:b69dce3e-b09d-478a-9592-addf1eb1712c
Error Number:156,State:1,Class:15
2017-05-30 14:55:46,752  User Store Supervisor,functionName:Store Order,msg:Load Faild,Error Message: 
System.Data.SqlClient.SqlException (0x80131904): Incorrect syntax near the keyword 'and'.
   at Edge.DBUtility.DbHelperSQL.GetSingle(String SQLString) in C:\SVN\WebBuying\DBUtility\DbHelperSQL.cs:line 569
   at Edge.SVA.SQLServerDAL.Ord_TransInOrder_H.GetRecordCount(String strWhere) in C:\SVN2\WebBuying_TGP\Edge.SVA.SQLServerDAL\Master\Ord_TransInOrder_H.cs:line 507
   at Edge.SVA.BLL.Ord_TransInOrder_H.GetRecordCount(String strWhere) in C:\SVN2\WebBuying_TGP\Edge.SVA.BLL\Master\Ord_TransInOrder_H.cs:line 260
   at Edge.Web.Controllers.Operation.StoreOrderManagement.TransInStoreOrder.TransInStoreOrderController.GetTransactionList(String strWhere, Int32 pageSize, Int32 pageIndex, Int32& recodeCount, String sortFieldStr) in C:\SVN2\WebBuying_TGP\Edge.NewWeb\Controllers\Operation\StoreOrderManagement\TransInStoreOrderController.cs:line 45
   at Edge.Web.Operation.StoreOrderManagement.TransInOrder.List.RptBind(String strWhere, String orderby) in C:\SVN2\WebBuying_TGP\Edge.NewWeb\Operation\StoreOrderManagement\TransInOrder\List.aspx.cs:line 204
ClientConnectionId:b69dce3e-b09d-478a-9592-addf1eb1712c
Error Number:156,State:1,Class:15
2017-05-30 14:56:29,723  User Store Supervisor,functionName:Store Order,msg:Load Faild,Error Message: 
System.Data.SqlClient.SqlException (0x80131904): Incorrect syntax near the keyword 'and'.
   at Edge.DBUtility.DbHelperSQL.GetSingle(String SQLString) in C:\SVN\WebBuying\DBUtility\DbHelperSQL.cs:line 569
   at Edge.SVA.SQLServerDAL.Ord_TransInOrder_H.GetRecordCount(String strWhere) in C:\SVN2\WebBuying_TGP\Edge.SVA.SQLServerDAL\Master\Ord_TransInOrder_H.cs:line 507
   at Edge.SVA.BLL.Ord_TransInOrder_H.GetRecordCount(String strWhere) in C:\SVN2\WebBuying_TGP\Edge.SVA.BLL\Master\Ord_TransInOrder_H.cs:line 260
   at Edge.Web.Controllers.Operation.StoreOrderManagement.TransInStoreOrder.TransInStoreOrderController.GetTransactionList(String strWhere, Int32 pageSize, Int32 pageIndex, Int32& recodeCount, String sortFieldStr) in C:\SVN2\WebBuying_TGP\Edge.NewWeb\Controllers\Operation\StoreOrderManagement\TransInStoreOrderController.cs:line 45
   at Edge.Web.Operation.StoreOrderManagement.TransInOrder.List.RptBind(String strWhere, String orderby) in C:\SVN2\WebBuying_TGP\Edge.NewWeb\Operation\StoreOrderManagement\TransInOrder\List.aspx.cs:line 204
ClientConnectionId:b69dce3e-b09d-478a-9592-addf1eb1712c
Error Number:156,State:1,Class:15
2017-05-30 14:56:47,759  User Store Supervisor,functionName:Store Order,msg:Load Faild,Error Message: 
System.Data.SqlClient.SqlException (0x80131904): Incorrect syntax near the keyword 'and'.
   at Edge.DBUtility.DbHelperSQL.GetSingle(String SQLString) in C:\SVN\WebBuying\DBUtility\DbHelperSQL.cs:line 569
   at Edge.SVA.SQLServerDAL.Ord_TransInOrder_H.GetRecordCount(String strWhere) in C:\SVN2\WebBuying_TGP\Edge.SVA.SQLServerDAL\Master\Ord_TransInOrder_H.cs:line 507
   at Edge.SVA.BLL.Ord_TransInOrder_H.GetRecordCount(String strWhere) in C:\SVN2\WebBuying_TGP\Edge.SVA.BLL\Master\Ord_TransInOrder_H.cs:line 260
   at Edge.Web.Controllers.Operation.StoreOrderManagement.TransInStoreOrder.TransInStoreOrderController.GetTransactionList(String strWhere, Int32 pageSize, Int32 pageIndex, Int32& recodeCount, String sortFieldStr) in C:\SVN2\WebBuying_TGP\Edge.NewWeb\Controllers\Operation\StoreOrderManagement\TransInStoreOrderController.cs:line 45
   at Edge.Web.Operation.StoreOrderManagement.TransInOrder.List.RptBind(String strWhere, String orderby) in C:\SVN2\WebBuying_TGP\Edge.NewWeb\Operation\StoreOrderManagement\TransInOrder\List.aspx.cs:line 204
ClientConnectionId:b69dce3e-b09d-478a-9592-addf1eb1712c
Error Number:156,State:1,Class:15
2017-05-30 14:57:45,737  User Store Supervisor,functionName:Store Order,msg:Load Faild,Error Message: 
System.Data.SqlClient.SqlException (0x80131904): Incorrect syntax near the keyword 'and'.
   at Edge.DBUtility.DbHelperSQL.GetSingle(String SQLString) in C:\SVN\WebBuying\DBUtility\DbHelperSQL.cs:line 569
   at Edge.SVA.SQLServerDAL.Ord_TransInOrder_H.GetRecordCount(String strWhere) in C:\SVN2\WebBuying_TGP\Edge.SVA.SQLServerDAL\Master\Ord_TransInOrder_H.cs:line 507
   at Edge.SVA.BLL.Ord_TransInOrder_H.GetRecordCount(String strWhere) in C:\SVN2\WebBuying_TGP\Edge.SVA.BLL\Master\Ord_TransInOrder_H.cs:line 260
   at Edge.Web.Controllers.Operation.StoreOrderManagement.TransInStoreOrder.TransInStoreOrderController.GetTransactionList(String strWhere, Int32 pageSize, Int32 pageIndex, Int32& recodeCount, String sortFieldStr) in C:\SVN2\WebBuying_TGP\Edge.NewWeb\Controllers\Operation\StoreOrderManagement\TransInStoreOrderController.cs:line 45
   at Edge.Web.Operation.StoreOrderManagement.TransInOrder.List.RptBind(String strWhere, String orderby) in C:\SVN2\WebBuying_TGP\Edge.NewWeb\Operation\StoreOrderManagement\TransInOrder\List.aspx.cs:line 204
ClientConnectionId:b69dce3e-b09d-478a-9592-addf1eb1712c
Error Number:156,State:1,Class:15
2017-05-30 14:58:30,678  User Store Supervisor,functionName:Store Order,msg:Load Faild,Error Message: 
System.Data.SqlClient.SqlException (0x80131904): Incorrect syntax near the keyword 'and'.
   at Edge.DBUtility.DbHelperSQL.GetSingle(String SQLString) in C:\SVN\WebBuying\DBUtility\DbHelperSQL.cs:line 569
   at Edge.SVA.SQLServerDAL.Ord_TransInOrder_H.GetRecordCount(String strWhere) in C:\SVN2\WebBuying_TGP\Edge.SVA.SQLServerDAL\Master\Ord_TransInOrder_H.cs:line 507
   at Edge.SVA.BLL.Ord_TransInOrder_H.GetRecordCount(String strWhere) in C:\SVN2\WebBuying_TGP\Edge.SVA.BLL\Master\Ord_TransInOrder_H.cs:line 260
   at Edge.Web.Controllers.Operation.StoreOrderManagement.TransInStoreOrder.TransInStoreOrderController.GetTransactionList(String strWhere, Int32 pageSize, Int32 pageIndex, Int32& recodeCount, String sortFieldStr) in C:\SVN2\WebBuying_TGP\Edge.NewWeb\Controllers\Operation\StoreOrderManagement\TransInStoreOrderController.cs:line 45
   at Edge.Web.Operation.StoreOrderManagement.TransInOrder.List.RptBind(String strWhere, String orderby) in C:\SVN2\WebBuying_TGP\Edge.NewWeb\Operation\StoreOrderManagement\TransInOrder\List.aspx.cs:line 204
ClientConnectionId:b69dce3e-b09d-478a-9592-addf1eb1712c
Error Number:156,State:1,Class:15
2017-05-30 14:58:39,199  User Store Supervisor,functionName:Store Order,msg:Load Faild,Error Message: 
System.Data.SqlClient.SqlException (0x80131904): Incorrect syntax near the keyword 'and'.
   at Edge.DBUtility.DbHelperSQL.GetSingle(String SQLString) in C:\SVN\WebBuying\DBUtility\DbHelperSQL.cs:line 569
   at Edge.SVA.SQLServerDAL.Ord_TransInOrder_H.GetRecordCount(String strWhere) in C:\SVN2\WebBuying_TGP\Edge.SVA.SQLServerDAL\Master\Ord_TransInOrder_H.cs:line 507
   at Edge.SVA.BLL.Ord_TransInOrder_H.GetRecordCount(String strWhere) in C:\SVN2\WebBuying_TGP\Edge.SVA.BLL\Master\Ord_TransInOrder_H.cs:line 260
   at Edge.Web.Controllers.Operation.StoreOrderManagement.TransInStoreOrder.TransInStoreOrderController.GetTransactionList(String strWhere, Int32 pageSize, Int32 pageIndex, Int32& recodeCount, String sortFieldStr) in C:\SVN2\WebBuying_TGP\Edge.NewWeb\Controllers\Operation\StoreOrderManagement\TransInStoreOrderController.cs:line 45
   at Edge.Web.Operation.StoreOrderManagement.TransInOrder.List.RptBind(String strWhere, String orderby) in C:\SVN2\WebBuying_TGP\Edge.NewWeb\Operation\StoreOrderManagement\TransInOrder\List.aspx.cs:line 204
ClientConnectionId:b69dce3e-b09d-478a-9592-addf1eb1712c
Error Number:156,State:1,Class:15
2017-05-30 14:58:45,819  User Store Supervisor,functionName:Store Order,msg:Load Faild,Error Message: 
System.Data.SqlClient.SqlException (0x80131904): Incorrect syntax near the keyword 'and'.
   at Edge.DBUtility.DbHelperSQL.GetSingle(String SQLString) in C:\SVN\WebBuying\DBUtility\DbHelperSQL.cs:line 569
   at Edge.SVA.SQLServerDAL.Ord_TransInOrder_H.GetRecordCount(String strWhere) in C:\SVN2\WebBuying_TGP\Edge.SVA.SQLServerDAL\Master\Ord_TransInOrder_H.cs:line 507
   at Edge.SVA.BLL.Ord_TransInOrder_H.GetRecordCount(String strWhere) in C:\SVN2\WebBuying_TGP\Edge.SVA.BLL\Master\Ord_TransInOrder_H.cs:line 260
   at Edge.Web.Controllers.Operation.StoreOrderManagement.TransInStoreOrder.TransInStoreOrderController.GetTransactionList(String strWhere, Int32 pageSize, Int32 pageIndex, Int32& recodeCount, String sortFieldStr) in C:\SVN2\WebBuying_TGP\Edge.NewWeb\Controllers\Operation\StoreOrderManagement\TransInStoreOrderController.cs:line 45
   at Edge.Web.Operation.StoreOrderManagement.TransInOrder.List.RptBind(String strWhere, String orderby) in C:\SVN2\WebBuying_TGP\Edge.NewWeb\Operation\StoreOrderManagement\TransInOrder\List.aspx.cs:line 204
ClientConnectionId:b69dce3e-b09d-478a-9592-addf1eb1712c
Error Number:156,State:1,Class:15
2017-05-30 15:01:44,824  User Store Supervisor,functionName:Store Order,msg:Load Faild,Error Message: 
System.Data.SqlClient.SqlException (0x80131904): Incorrect syntax near the keyword 'and'.
   at Edge.DBUtility.DbHelperSQL.GetSingle(String SQLString) in C:\SVN\WebBuying\DBUtility\DbHelperSQL.cs:line 569
   at Edge.SVA.SQLServerDAL.Ord_TransInOrder_H.GetRecordCount(String strWhere) in C:\SVN2\WebBuying_TGP\Edge.SVA.SQLServerDAL\Master\Ord_TransInOrder_H.cs:line 507
   at Edge.SVA.BLL.Ord_TransInOrder_H.GetRecordCount(String strWhere) in C:\SVN2\WebBuying_TGP\Edge.SVA.BLL\Master\Ord_TransInOrder_H.cs:line 260
   at Edge.Web.Controllers.Operation.StoreOrderManagement.TransInStoreOrder.TransInStoreOrderController.GetTransactionList(String strWhere, Int32 pageSize, Int32 pageIndex, Int32& recodeCount, String sortFieldStr) in C:\SVN2\WebBuying_TGP\Edge.NewWeb\Controllers\Operation\StoreOrderManagement\TransInStoreOrderController.cs:line 45
   at Edge.Web.Operation.StoreOrderManagement.TransInOrder.List.RptBind(String strWhere, String orderby) in C:\SVN2\WebBuying_TGP\Edge.NewWeb\Operation\StoreOrderManagement\TransInOrder\List.aspx.cs:line 204
ClientConnectionId:b69dce3e-b09d-478a-9592-addf1eb1712c
Error Number:156,State:1,Class:15
2017-05-30 15:10:26,500  User Store Supervisor,functionName:Store Order,msg:Load Faild,Error Message: 
System.Data.SqlClient.SqlException (0x80131904): Incorrect syntax near the keyword 'and'.
   at Edge.DBUtility.DbHelperSQL.GetSingle(String SQLString) in C:\SVN\WebBuying\DBUtility\DbHelperSQL.cs:line 569
   at Edge.SVA.SQLServerDAL.Ord_TransInOrder_H.GetRecordCount(String strWhere) in C:\SVN2\WebBuying_TGP\Edge.SVA.SQLServerDAL\Master\Ord_TransInOrder_H.cs:line 507
   at Edge.SVA.BLL.Ord_TransInOrder_H.GetRecordCount(String strWhere) in C:\SVN2\WebBuying_TGP\Edge.SVA.BLL\Master\Ord_TransInOrder_H.cs:line 260
   at Edge.Web.Controllers.Operation.StoreOrderManagement.TransInStoreOrder.TransInStoreOrderController.GetTransactionList(String strWhere, Int32 pageSize, Int32 pageIndex, Int32& recodeCount, String sortFieldStr) in C:\SVN2\WebBuying_TGP\Edge.NewWeb\Controllers\Operation\StoreOrderManagement\TransInStoreOrderController.cs:line 45
   at Edge.Web.Operation.StoreOrderManagement.TransInOrder.List.RptBind(String strWhere, String orderby) in C:\SVN2\WebBuying_TGP\Edge.NewWeb\Operation\StoreOrderManagement\TransInOrder\List.aspx.cs:line 204
ClientConnectionId:d8f9a2a7-c57e-49ef-9346-8439bb6c0553
Error Number:156,State:1,Class:15
2017-05-30 15:22:03,410  User ,functionName:Login,msg: Login Operation userName:admin 
2017-05-30 15:23:34,618  User admin,functionName:Store Order,msg:Load Faild,Error Message: 
System.Data.SqlClient.SqlException (0x80131904): Incorrect syntax near the keyword 'and'.
   at Edge.DBUtility.DbHelperSQL.GetSingle(String SQLString) in C:\SVN\WebBuying\DBUtility\DbHelperSQL.cs:line 569
   at Edge.SVA.SQLServerDAL.Ord_TransInOrder_H.GetRecordCount(String strWhere) in C:\SVN2\WebBuying_TGP\Edge.SVA.SQLServerDAL\Master\Ord_TransInOrder_H.cs:line 507
   at Edge.SVA.BLL.Ord_TransInOrder_H.GetRecordCount(String strWhere) in C:\SVN2\WebBuying_TGP\Edge.SVA.BLL\Master\Ord_TransInOrder_H.cs:line 260
   at Edge.Web.Controllers.Operation.StoreOrderManagement.TransInStoreOrder.TransInStoreOrderController.GetTransactionList(String strWhere, Int32 pageSize, Int32 pageIndex, Int32& recodeCount, String sortFieldStr) in C:\SVN2\WebBuying_TGP\Edge.NewWeb\Controllers\Operation\StoreOrderManagement\TransInStoreOrderController.cs:line 45
   at Edge.Web.Operation.StoreOrderManagement.TransInOrder.List.RptBind(String strWhere, String orderby) in C:\SVN2\WebBuying_TGP\Edge.NewWeb\Operation\StoreOrderManagement\TransInOrder\List.aspx.cs:line 204
ClientConnectionId:be19c5d7-5b6b-486b-81fd-c629e7c0c592
Error Number:156,State:1,Class:15
2017-05-30 15:25:04,412  User ,functionName:Login,msg: Login Operation userName:admin 
2017-05-30 15:27:22,955  User ,functionName:Login,msg: Login Operation userName:admin 
2017-05-30 15:29:57,401  User ,functionName:Login,msg: Login Operation userName:admin 
2017-05-30 15:31:42,240  User admin,functionName:Store Order,msg:Load Faild,Error Message: 
System.Data.SqlClient.SqlException (0x80131904): Incorrect syntax near the keyword 'and'.
   at Edge.DBUtility.DbHelperSQL.GetSingle(String SQLString) in C:\SVN\WebBuying\DBUtility\DbHelperSQL.cs:line 569
   at Edge.SVA.SQLServerDAL.Ord_TransInOrder_H.GetRecordCount(String strWhere) in C:\SVN2\WebBuying_TGP\Edge.SVA.SQLServerDAL\Master\Ord_TransInOrder_H.cs:line 507
   at Edge.SVA.BLL.Ord_TransInOrder_H.GetRecordCount(String strWhere) in C:\SVN2\WebBuying_TGP\Edge.SVA.BLL\Master\Ord_TransInOrder_H.cs:line 260
   at Edge.Web.Controllers.Operation.StoreOrderManagement.TransInStoreOrder.TransInStoreOrderController.GetTransactionList(String strWhere, Int32 pageSize, Int32 pageIndex, Int32& recodeCount, String sortFieldStr) in C:\SVN2\WebBuying_TGP\Edge.NewWeb\Controllers\Operation\StoreOrderManagement\TransInStoreOrderController.cs:line 45
   at Edge.Web.Operation.StoreOrderManagement.TransInOrder.List.RptBind(String strWhere, String orderby) in C:\SVN2\WebBuying_TGP\Edge.NewWeb\Operation\StoreOrderManagement\TransInOrder\List.aspx.cs:line 204
ClientConnectionId:4efc4a09-158a-4c7f-a7c5-9e2cd773d3d5
Error Number:156,State:1,Class:15
2017-05-30 15:32:19,227  User ,functionName:Login,msg: Login Operation userName:admin 
2017-05-30 15:33:49,325  User admin,functionName:Store Order,msg:Load Faild,Error Message: 
System.Data.SqlClient.SqlException (0x80131904): Incorrect syntax near the keyword 'and'.
   at Edge.DBUtility.DbHelperSQL.GetSingle(String SQLString) in C:\SVN\WebBuying\DBUtility\DbHelperSQL.cs:line 569
   at Edge.SVA.SQLServerDAL.Ord_TransInOrder_H.GetRecordCount(String strWhere) in C:\SVN2\WebBuying_TGP\Edge.SVA.SQLServerDAL\Master\Ord_TransInOrder_H.cs:line 507
   at Edge.SVA.BLL.Ord_TransInOrder_H.GetRecordCount(String strWhere) in C:\SVN2\WebBuying_TGP\Edge.SVA.BLL\Master\Ord_TransInOrder_H.cs:line 260
   at Edge.Web.Controllers.Operation.StoreOrderManagement.TransInStoreOrder.TransInStoreOrderController.GetTransactionList(String strWhere, Int32 pageSize, Int32 pageIndex, Int32& recodeCount, String sortFieldStr) in C:\SVN2\WebBuying_TGP\Edge.NewWeb\Controllers\Operation\StoreOrderManagement\TransInStoreOrderController.cs:line 45
   at Edge.Web.Operation.StoreOrderManagement.TransInOrder.List.RptBind(String strWhere, String orderby) in C:\SVN2\WebBuying_TGP\Edge.NewWeb\Operation\StoreOrderManagement\TransInOrder\List.aspx.cs:line 204
ClientConnectionId:595ec29f-69a1-4e33-b697-fc63ee2bf2e9
Error Number:156,State:1,Class:15
2017-05-30 15:34:30,925  User admin,functionName:Store Order,msg:Load Faild,Error Message: 
System.Data.SqlClient.SqlException (0x80131904): Incorrect syntax near the keyword 'and'.
   at Edge.DBUtility.DbHelperSQL.GetSingle(String SQLString) in C:\SVN\WebBuying\DBUtility\DbHelperSQL.cs:line 569
   at Edge.SVA.SQLServerDAL.Ord_TransInOrder_H.GetRecordCount(String strWhere) in C:\SVN2\WebBuying_TGP\Edge.SVA.SQLServerDAL\Master\Ord_TransInOrder_H.cs:line 507
   at Edge.SVA.BLL.Ord_TransInOrder_H.GetRecordCount(String strWhere) in C:\SVN2\WebBuying_TGP\Edge.SVA.BLL\Master\Ord_TransInOrder_H.cs:line 260
   at Edge.Web.Controllers.Operation.StoreOrderManagement.TransInStoreOrder.TransInStoreOrderController.GetTransactionList(String strWhere, Int32 pageSize, Int32 pageIndex, Int32& recodeCount, String sortFieldStr) in C:\SVN2\WebBuying_TGP\Edge.NewWeb\Controllers\Operation\StoreOrderManagement\TransInStoreOrderController.cs:line 45
   at Edge.Web.Operation.StoreOrderManagement.TransInOrder.List.RptBind(String strWhere, String orderby) in C:\SVN2\WebBuying_TGP\Edge.NewWeb\Operation\StoreOrderManagement\TransInOrder\List.aspx.cs:line 204
ClientConnectionId:595ec29f-69a1-4e33-b697-fc63ee2bf2e9
Error Number:156,State:1,Class:15
2017-05-30 15:35:27,536  User admin,functionName:Store Order,msg:Load Faild,Error Message: 
System.Data.SqlClient.SqlException (0x80131904): Incorrect syntax near the keyword 'and'.
   at Edge.DBUtility.DbHelperSQL.GetSingle(String SQLString) in C:\SVN\WebBuying\DBUtility\DbHelperSQL.cs:line 569
   at Edge.SVA.SQLServerDAL.Ord_TransInOrder_H.GetRecordCount(String strWhere) in C:\SVN2\WebBuying_TGP\Edge.SVA.SQLServerDAL\Master\Ord_TransInOrder_H.cs:line 507
   at Edge.SVA.BLL.Ord_TransInOrder_H.GetRecordCount(String strWhere) in C:\SVN2\WebBuying_TGP\Edge.SVA.BLL\Master\Ord_TransInOrder_H.cs:line 260
   at Edge.Web.Controllers.Operation.StoreOrderManagement.TransInStoreOrder.TransInStoreOrderController.GetTransactionList(String strWhere, Int32 pageSize, Int32 pageIndex, Int32& recodeCount, String sortFieldStr) in C:\SVN2\WebBuying_TGP\Edge.NewWeb\Controllers\Operation\StoreOrderManagement\TransInStoreOrderController.cs:line 45
   at Edge.Web.Operation.StoreOrderManagement.TransInOrder.List.RptBind(String strWhere, String orderby) in C:\SVN2\WebBuying_TGP\Edge.NewWeb\Operation\StoreOrderManagement\TransInOrder\List.aspx.cs:line 204
ClientConnectionId:595ec29f-69a1-4e33-b697-fc63ee2bf2e9
Error Number:156,State:1,Class:15
2017-05-30 15:36:37,275  User ,functionName:Login,msg: Login Operation userName:admin 
2017-05-30 15:52:11,485  User ,functionName:Login,msg: Login Operation userName:admin 
2017-05-30 15:52:42,879  User ,functionName:Login,msg: Login Operation userName:store supervisor 
2017-05-30 15:56:05,998  User ,functionName:Login,msg: Login Operation userName:admin 
2017-05-30 15:57:10,843  User ,functionName:Login,msg: Login Operation userName:admin 
2017-05-30 15:57:51,644  User ,functionName:Login,msg: Login Operation userName:store supervisor 
2017-05-30 15:58:07,204  User Store Supervisor,functionName:Store Order,msg:Load Faild,Error Message: 
System.Data.SqlClient.SqlException (0x80131904): Incorrect syntax near the keyword 'and'.
   at Edge.DBUtility.DbHelperSQL.GetSingle(String SQLString) in C:\SVN\WebBuying\DBUtility\DbHelperSQL.cs:line 569
   at Edge.SVA.SQLServerDAL.Ord_TransInOrder_H.GetRecordCount(String strWhere) in C:\SVN2\WebBuying_TGP\Edge.SVA.SQLServerDAL\Master\Ord_TransInOrder_H.cs:line 507
   at Edge.SVA.BLL.Ord_TransInOrder_H.GetRecordCount(String strWhere) in C:\SVN2\WebBuying_TGP\Edge.SVA.BLL\Master\Ord_TransInOrder_H.cs:line 260
   at Edge.Web.Controllers.Operation.StoreOrderManagement.TransInStoreOrder.TransInStoreOrderController.GetTransactionList(String strWhere, Int32 pageSize, Int32 pageIndex, Int32& recodeCount, String sortFieldStr) in C:\SVN2\WebBuying_TGP\Edge.NewWeb\Controllers\Operation\StoreOrderManagement\TransInStoreOrderController.cs:line 46
   at Edge.Web.Operation.StoreOrderManagement.TransInOrder.List.RptBind(String strWhere, String orderby) in C:\SVN2\WebBuying_TGP\Edge.NewWeb\Operation\StoreOrderManagement\TransInOrder\List.aspx.cs:line 225
ClientConnectionId:3c0b51c1-fe4a-4b5d-b919-c7ab84dd4aa3
Error Number:156,State:1,Class:15
2017-05-30 15:59:14,733  User Store Supervisor,functionName:Store Order,msg:Load Faild,Error Message: 
System.Data.SqlClient.SqlException (0x80131904): Incorrect syntax near the keyword 'and'.
   at Edge.DBUtility.DbHelperSQL.GetSingle(String SQLString) in C:\SVN\WebBuying\DBUtility\DbHelperSQL.cs:line 569
   at Edge.SVA.SQLServerDAL.Ord_TransInOrder_H.GetRecordCount(String strWhere) in C:\SVN2\WebBuying_TGP\Edge.SVA.SQLServerDAL\Master\Ord_TransInOrder_H.cs:line 507
   at Edge.SVA.BLL.Ord_TransInOrder_H.GetRecordCount(String strWhere) in C:\SVN2\WebBuying_TGP\Edge.SVA.BLL\Master\Ord_TransInOrder_H.cs:line 260
   at Edge.Web.Controllers.Operation.StoreOrderManagement.TransInStoreOrder.TransInStoreOrderController.GetTransactionList(String strWhere, Int32 pageSize, Int32 pageIndex, Int32& recodeCount, String sortFieldStr) in C:\SVN2\WebBuying_TGP\Edge.NewWeb\Controllers\Operation\StoreOrderManagement\TransInStoreOrderController.cs:line 46
   at Edge.Web.Operation.StoreOrderManagement.TransInOrder.List.RptBind(String strWhere, String orderby) in C:\SVN2\WebBuying_TGP\Edge.NewWeb\Operation\StoreOrderManagement\TransInOrder\List.aspx.cs:line 225
ClientConnectionId:3c0b51c1-fe4a-4b5d-b919-c7ab84dd4aa3
Error Number:156,State:1,Class:15
2017-05-30 16:10:23,089  User ,functionName:Login,msg: Login Operation userName:store supervisor 
2017-05-30 16:10:43,770  User Store Supervisor,functionName:Store Order,msg:Load Faild,Error Message: 
System.Data.SqlClient.SqlException (0x80131904): Incorrect syntax near '194'.
   at Edge.DBUtility.DbHelperSQL.GetSingle(String SQLString) in C:\SVN\WebBuying\DBUtility\DbHelperSQL.cs:line 569
   at Edge.SVA.SQLServerDAL.Ord_TransInOrder_H.GetRecordCount(String strWhere) in C:\SVN2\WebBuying_TGP\Edge.SVA.SQLServerDAL\Master\Ord_TransInOrder_H.cs:line 507
   at Edge.SVA.BLL.Ord_TransInOrder_H.GetRecordCount(String strWhere) in C:\SVN2\WebBuying_TGP\Edge.SVA.BLL\Master\Ord_TransInOrder_H.cs:line 260
   at Edge.Web.Controllers.Operation.StoreOrderManagement.TransInStoreOrder.TransInStoreOrderController.GetTransactionList(String strWhere, Int32 pageSize, Int32 pageIndex, Int32& recodeCount, String sortFieldStr) in C:\SVN2\WebBuying_TGP\Edge.NewWeb\Controllers\Operation\StoreOrderManagement\TransInStoreOrderController.cs:line 48
   at Edge.Web.Operation.StoreOrderManagement.TransInOrder.List.RptBind(String strWhere, String orderby) in C:\SVN2\WebBuying_TGP\Edge.NewWeb\Operation\StoreOrderManagement\TransInOrder\List.aspx.cs:line 225
ClientConnectionId:0fc2688c-622b-4c18-955c-b4be7d41616c
Error Number:102,State:1,Class:15
2017-05-30 16:11:32,926  User Store Supervisor,functionName:Store Order,msg:Load Faild,Error Message: 
System.Data.SqlClient.SqlException (0x80131904): Incorrect syntax near '194'.
   at Edge.DBUtility.DbHelperSQL.GetSingle(String SQLString) in C:\SVN\WebBuying\DBUtility\DbHelperSQL.cs:line 569
   at Edge.SVA.SQLServerDAL.Ord_TransInOrder_H.GetRecordCount(String strWhere) in C:\SVN2\WebBuying_TGP\Edge.SVA.SQLServerDAL\Master\Ord_TransInOrder_H.cs:line 507
   at Edge.SVA.BLL.Ord_TransInOrder_H.GetRecordCount(String strWhere) in C:\SVN2\WebBuying_TGP\Edge.SVA.BLL\Master\Ord_TransInOrder_H.cs:line 260
   at Edge.Web.Controllers.Operation.StoreOrderManagement.TransInStoreOrder.TransInStoreOrderController.GetTransactionList(String strWhere, Int32 pageSize, Int32 pageIndex, Int32& recodeCount, String sortFieldStr) in C:\SVN2\WebBuying_TGP\Edge.NewWeb\Controllers\Operation\StoreOrderManagement\TransInStoreOrderController.cs:line 48
   at Edge.Web.Operation.StoreOrderManagement.TransInOrder.List.RptBind(String strWhere, String orderby) in C:\SVN2\WebBuying_TGP\Edge.NewWeb\Operation\StoreOrderManagement\TransInOrder\List.aspx.cs:line 225
ClientConnectionId:0fc2688c-622b-4c18-955c-b4be7d41616c
Error Number:102,State:1,Class:15
2017-05-30 16:12:36,301  User ,functionName:Login,msg: Login Operation userName:admin 
2017-05-30 16:12:49,627  User admin,functionName:Store Order,msg:Load Faild,Error Message: 
System.Data.SqlClient.SqlException (0x80131904): Incorrect syntax near '='.
   at Edge.DBUtility.DbHelperSQL.GetSingle(String SQLString) in C:\SVN\WebBuying\DBUtility\DbHelperSQL.cs:line 569
   at Edge.SVA.SQLServerDAL.Ord_TransInOrder_H.GetRecordCount(String strWhere) in C:\SVN2\WebBuying_TGP\Edge.SVA.SQLServerDAL\Master\Ord_TransInOrder_H.cs:line 507
   at Edge.SVA.BLL.Ord_TransInOrder_H.GetRecordCount(String strWhere) in C:\SVN2\WebBuying_TGP\Edge.SVA.BLL\Master\Ord_TransInOrder_H.cs:line 260
   at Edge.Web.Controllers.Operation.StoreOrderManagement.TransInStoreOrder.TransInStoreOrderController.GetTransactionList(String strWhere, Int32 pageSize, Int32 pageIndex, Int32& recodeCount, String sortFieldStr) in C:\SVN2\WebBuying_TGP\Edge.NewWeb\Controllers\Operation\StoreOrderManagement\TransInStoreOrderController.cs:line 48
   at Edge.Web.Operation.StoreOrderManagement.TransInOrder.List.RptBind(String strWhere, String orderby) in C:\SVN2\WebBuying_TGP\Edge.NewWeb\Operation\StoreOrderManagement\TransInOrder\List.aspx.cs:line 225
ClientConnectionId:c7116bdf-7db7-4dea-849f-98b270356f33
Error Number:102,State:1,Class:15
2017-05-30 16:12:54,508  User admin,functionName:Store Order,msg:Load Faild,Error Message: 
System.Data.SqlClient.SqlException (0x80131904): Incorrect syntax near '='.
   at Edge.DBUtility.DbHelperSQL.GetSingle(String SQLString) in C:\SVN\WebBuying\DBUtility\DbHelperSQL.cs:line 569
   at Edge.SVA.SQLServerDAL.Ord_TransInOrder_H.GetRecordCount(String strWhere) in C:\SVN2\WebBuying_TGP\Edge.SVA.SQLServerDAL\Master\Ord_TransInOrder_H.cs:line 507
   at Edge.SVA.BLL.Ord_TransInOrder_H.GetRecordCount(String strWhere) in C:\SVN2\WebBuying_TGP\Edge.SVA.BLL\Master\Ord_TransInOrder_H.cs:line 260
   at Edge.Web.Controllers.Operation.StoreOrderManagement.TransInStoreOrder.TransInStoreOrderController.GetTransactionList(String strWhere, Int32 pageSize, Int32 pageIndex, Int32& recodeCount, String sortFieldStr) in C:\SVN2\WebBuying_TGP\Edge.NewWeb\Controllers\Operation\StoreOrderManagement\TransInStoreOrderController.cs:line 48
   at Edge.Web.Operation.StoreOrderManagement.TransInOrder.List.RptBind(String strWhere, String orderby) in C:\SVN2\WebBuying_TGP\Edge.NewWeb\Operation\StoreOrderManagement\TransInOrder\List.aspx.cs:line 225
ClientConnectionId:c7116bdf-7db7-4dea-849f-98b270356f33
Error Number:102,State:1,Class:15
2017-05-30 16:12:56,808  User admin,functionName:Store Order,msg:Load Faild,Error Message: 
System.Data.SqlClient.SqlException (0x80131904): Incorrect syntax near '='.
   at Edge.DBUtility.DbHelperSQL.GetSingle(String SQLString) in C:\SVN\WebBuying\DBUtility\DbHelperSQL.cs:line 569
   at Edge.SVA.SQLServerDAL.Ord_TransInOrder_H.GetRecordCount(String strWhere) in C:\SVN2\WebBuying_TGP\Edge.SVA.SQLServerDAL\Master\Ord_TransInOrder_H.cs:line 507
   at Edge.SVA.BLL.Ord_TransInOrder_H.GetRecordCount(String strWhere) in C:\SVN2\WebBuying_TGP\Edge.SVA.BLL\Master\Ord_TransInOrder_H.cs:line 260
   at Edge.Web.Controllers.Operation.StoreOrderManagement.TransInStoreOrder.TransInStoreOrderController.GetTransactionList(String strWhere, Int32 pageSize, Int32 pageIndex, Int32& recodeCount, String sortFieldStr) in C:\SVN2\WebBuying_TGP\Edge.NewWeb\Controllers\Operation\StoreOrderManagement\TransInStoreOrderController.cs:line 48
   at Edge.Web.Operation.StoreOrderManagement.TransInOrder.List.RptBind(String strWhere, String orderby) in C:\SVN2\WebBuying_TGP\Edge.NewWeb\Operation\StoreOrderManagement\TransInOrder\List.aspx.cs:line 225
ClientConnectionId:c7116bdf-7db7-4dea-849f-98b270356f33
Error Number:102,State:1,Class:15
2017-05-30 16:12:57,630  User admin,functionName:Store Order,msg:Load Faild,Error Message: 
System.Data.SqlClient.SqlException (0x80131904): Incorrect syntax near '='.
   at Edge.DBUtility.DbHelperSQL.GetSingle(String SQLString) in C:\SVN\WebBuying\DBUtility\DbHelperSQL.cs:line 569
   at Edge.SVA.SQLServerDAL.Ord_TransInOrder_H.GetRecordCount(String strWhere) in C:\SVN2\WebBuying_TGP\Edge.SVA.SQLServerDAL\Master\Ord_TransInOrder_H.cs:line 507
   at Edge.SVA.BLL.Ord_TransInOrder_H.GetRecordCount(String strWhere) in C:\SVN2\WebBuying_TGP\Edge.SVA.BLL\Master\Ord_TransInOrder_H.cs:line 260
   at Edge.Web.Controllers.Operation.StoreOrderManagement.TransInStoreOrder.TransInStoreOrderController.GetTransactionList(String strWhere, Int32 pageSize, Int32 pageIndex, Int32& recodeCount, String sortFieldStr) in C:\SVN2\WebBuying_TGP\Edge.NewWeb\Controllers\Operation\StoreOrderManagement\TransInStoreOrderController.cs:line 48
   at Edge.Web.Operation.StoreOrderManagement.TransInOrder.List.RptBind(String strWhere, String orderby) in C:\SVN2\WebBuying_TGP\Edge.NewWeb\Operation\StoreOrderManagement\TransInOrder\List.aspx.cs:line 225
ClientConnectionId:c7116bdf-7db7-4dea-849f-98b270356f33
Error Number:102,State:1,Class:15
2017-05-30 16:13:01,030  User admin,functionName:Store Order,msg:Load Faild,Error Message: 
System.Data.SqlClient.SqlException (0x80131904): Incorrect syntax near '='.
   at Edge.DBUtility.DbHelperSQL.GetSingle(String SQLString) in C:\SVN\WebBuying\DBUtility\DbHelperSQL.cs:line 569
   at Edge.SVA.SQLServerDAL.Ord_TransInOrder_H.GetRecordCount(String strWhere) in C:\SVN2\WebBuying_TGP\Edge.SVA.SQLServerDAL\Master\Ord_TransInOrder_H.cs:line 507
   at Edge.SVA.BLL.Ord_TransInOrder_H.GetRecordCount(String strWhere) in C:\SVN2\WebBuying_TGP\Edge.SVA.BLL\Master\Ord_TransInOrder_H.cs:line 260
   at Edge.Web.Controllers.Operation.StoreOrderManagement.TransInStoreOrder.TransInStoreOrderController.GetTransactionList(String strWhere, Int32 pageSize, Int32 pageIndex, Int32& recodeCount, String sortFieldStr) in C:\SVN2\WebBuying_TGP\Edge.NewWeb\Controllers\Operation\StoreOrderManagement\TransInStoreOrderController.cs:line 48
   at Edge.Web.Operation.StoreOrderManagement.TransInOrder.List.RptBind(String strWhere, String orderby) in C:\SVN2\WebBuying_TGP\Edge.NewWeb\Operation\StoreOrderManagement\TransInOrder\List.aspx.cs:line 225
ClientConnectionId:c7116bdf-7db7-4dea-849f-98b270356f33
Error Number:102,State:1,Class:15
2017-05-30 16:13:04,799  User admin,functionName:Store Order,msg:Load Faild,Error Message: 
System.Data.SqlClient.SqlException (0x80131904): Incorrect syntax near '='.
   at Edge.DBUtility.DbHelperSQL.GetSingle(String SQLString) in C:\SVN\WebBuying\DBUtility\DbHelperSQL.cs:line 569
   at Edge.SVA.SQLServerDAL.Ord_TransInOrder_H.GetRecordCount(String strWhere) in C:\SVN2\WebBuying_TGP\Edge.SVA.SQLServerDAL\Master\Ord_TransInOrder_H.cs:line 507
   at Edge.SVA.BLL.Ord_TransInOrder_H.GetRecordCount(String strWhere) in C:\SVN2\WebBuying_TGP\Edge.SVA.BLL\Master\Ord_TransInOrder_H.cs:line 260
   at Edge.Web.Controllers.Operation.StoreOrderManagement.TransInStoreOrder.TransInStoreOrderController.GetTransactionList(String strWhere, Int32 pageSize, Int32 pageIndex, Int32& recodeCount, String sortFieldStr) in C:\SVN2\WebBuying_TGP\Edge.NewWeb\Controllers\Operation\StoreOrderManagement\TransInStoreOrderController.cs:line 48
   at Edge.Web.Operation.StoreOrderManagement.TransInOrder.List.RptBind(String strWhere, String orderby) in C:\SVN2\WebBuying_TGP\Edge.NewWeb\Operation\StoreOrderManagement\TransInOrder\List.aspx.cs:line 225
ClientConnectionId:c7116bdf-7db7-4dea-849f-98b270356f33
Error Number:102,State:1,Class:15
2017-05-30 16:13:43,501  User admin,functionName:Store Order,msg:Load Faild,Error Message: 
System.Data.SqlClient.SqlException (0x80131904): Incorrect syntax near '='.
   at Edge.DBUtility.DbHelperSQL.GetSingle(String SQLString) in C:\SVN\WebBuying\DBUtility\DbHelperSQL.cs:line 569
   at Edge.SVA.SQLServerDAL.Ord_TransInOrder_H.GetRecordCount(String strWhere) in C:\SVN2\WebBuying_TGP\Edge.SVA.SQLServerDAL\Master\Ord_TransInOrder_H.cs:line 507
   at Edge.SVA.BLL.Ord_TransInOrder_H.GetRecordCount(String strWhere) in C:\SVN2\WebBuying_TGP\Edge.SVA.BLL\Master\Ord_TransInOrder_H.cs:line 260
   at Edge.Web.Controllers.Operation.StoreOrderManagement.TransInStoreOrder.TransInStoreOrderController.GetTransactionList(String strWhere, Int32 pageSize, Int32 pageIndex, Int32& recodeCount, String sortFieldStr) in C:\SVN2\WebBuying_TGP\Edge.NewWeb\Controllers\Operation\StoreOrderManagement\TransInStoreOrderController.cs:line 48
   at Edge.Web.Operation.StoreOrderManagement.TransInOrder.List.RptBind(String strWhere, String orderby) in C:\SVN2\WebBuying_TGP\Edge.NewWeb\Operation\StoreOrderManagement\TransInOrder\List.aspx.cs:line 225
ClientConnectionId:c7116bdf-7db7-4dea-849f-98b270356f33
Error Number:102,State:1,Class:15
2017-05-30 16:16:04,561  User ,functionName:Login,msg: Login Operation userName:store supervisor 
2017-05-30 16:16:10,681  User Store Supervisor,functionName:Store Order,msg:Load Faild,Error Message: 
System.Data.SqlClient.SqlException (0x80131904): Incorrect syntax near 'StoreID'.
   at Edge.DBUtility.DbHelperSQL.GetSingle(String SQLString) in C:\SVN\WebBuying\DBUtility\DbHelperSQL.cs:line 569
   at Edge.SVA.SQLServerDAL.Ord_TransInOrder_H.GetRecordCount(String strWhere) in C:\SVN2\WebBuying_TGP\Edge.SVA.SQLServerDAL\Master\Ord_TransInOrder_H.cs:line 507
   at Edge.SVA.BLL.Ord_TransInOrder_H.GetRecordCount(String strWhere) in C:\SVN2\WebBuying_TGP\Edge.SVA.BLL\Master\Ord_TransInOrder_H.cs:line 260
   at Edge.Web.Controllers.Operation.StoreOrderManagement.TransInStoreOrder.TransInStoreOrderController.GetTransactionList(String strWhere, Int32 pageSize, Int32 pageIndex, Int32& recodeCount, String sortFieldStr) in C:\SVN2\WebBuying_TGP\Edge.NewWeb\Controllers\Operation\StoreOrderManagement\TransInStoreOrderController.cs:line 48
   at Edge.Web.Operation.StoreOrderManagement.TransInOrder.List.RptBind(String strWhere, String orderby) in C:\SVN2\WebBuying_TGP\Edge.NewWeb\Operation\StoreOrderManagement\TransInOrder\List.aspx.cs:line 225
ClientConnectionId:57689a3f-8b17-4f97-8d64-45147f2ee9fe
Error Number:102,State:1,Class:15
2017-05-30 16:16:23,977  User Store Supervisor,functionName:Store Order,msg:Load Faild,Error Message: 
System.Data.SqlClient.SqlException (0x80131904): Incorrect syntax near '='.
   at Edge.DBUtility.DbHelperSQL.GetSingle(String SQLString) in C:\SVN\WebBuying\DBUtility\DbHelperSQL.cs:line 569
   at Edge.SVA.SQLServerDAL.Ord_TransInOrder_H.GetRecordCount(String strWhere) in C:\SVN2\WebBuying_TGP\Edge.SVA.SQLServerDAL\Master\Ord_TransInOrder_H.cs:line 507
   at Edge.SVA.BLL.Ord_TransInOrder_H.GetRecordCount(String strWhere) in C:\SVN2\WebBuying_TGP\Edge.SVA.BLL\Master\Ord_TransInOrder_H.cs:line 260
   at Edge.Web.Controllers.Operation.StoreOrderManagement.TransInStoreOrder.TransInStoreOrderController.GetTransactionList(String strWhere, Int32 pageSize, Int32 pageIndex, Int32& recodeCount, String sortFieldStr) in C:\SVN2\WebBuying_TGP\Edge.NewWeb\Controllers\Operation\StoreOrderManagement\TransInStoreOrderController.cs:line 48
   at Edge.Web.Operation.StoreOrderManagement.TransInOrder.List.RptBind(String strWhere, String orderby) in C:\SVN2\WebBuying_TGP\Edge.NewWeb\Operation\StoreOrderManagement\TransInOrder\List.aspx.cs:line 225
ClientConnectionId:57689a3f-8b17-4f97-8d64-45147f2ee9fe
Error Number:102,State:1,Class:15
2017-05-30 16:17:08,820  User Store Supervisor,functionName:Store Order,msg:Load Faild,Error Message: 
System.Data.SqlClient.SqlException (0x80131904): Incorrect syntax near '='.
   at Edge.DBUtility.DbHelperSQL.GetSingle(String SQLString) in C:\SVN\WebBuying\DBUtility\DbHelperSQL.cs:line 569
   at Edge.SVA.SQLServerDAL.Ord_TransInOrder_H.GetRecordCount(String strWhere) in C:\SVN2\WebBuying_TGP\Edge.SVA.SQLServerDAL\Master\Ord_TransInOrder_H.cs:line 507
   at Edge.SVA.BLL.Ord_TransInOrder_H.GetRecordCount(String strWhere) in C:\SVN2\WebBuying_TGP\Edge.SVA.BLL\Master\Ord_TransInOrder_H.cs:line 260
   at Edge.Web.Controllers.Operation.StoreOrderManagement.TransInStoreOrder.TransInStoreOrderController.GetTransactionList(String strWhere, Int32 pageSize, Int32 pageIndex, Int32& recodeCount, String sortFieldStr) in C:\SVN2\WebBuying_TGP\Edge.NewWeb\Controllers\Operation\StoreOrderManagement\TransInStoreOrderController.cs:line 48
   at Edge.Web.Operation.StoreOrderManagement.TransInOrder.List.RptBind(String strWhere, String orderby) in C:\SVN2\WebBuying_TGP\Edge.NewWeb\Operation\StoreOrderManagement\TransInOrder\List.aspx.cs:line 225
ClientConnectionId:57689a3f-8b17-4f97-8d64-45147f2ee9fe
Error Number:102,State:1,Class:15
2017-05-30 16:17:49,016  User ,functionName:Login,msg: Login Operation userName:store supervisor 
2017-05-30 16:17:55,480  User Store Supervisor,functionName:Store Order,msg:Load Faild,Error Message: 
System.Data.SqlClient.SqlException (0x80131904): Incorrect syntax near 'StoreID'.
   at Edge.DBUtility.DbHelperSQL.GetSingle(String SQLString) in C:\SVN\WebBuying\DBUtility\DbHelperSQL.cs:line 569
   at Edge.SVA.SQLServerDAL.Ord_TransInOrder_H.GetRecordCount(String strWhere) in C:\SVN2\WebBuying_TGP\Edge.SVA.SQLServerDAL\Master\Ord_TransInOrder_H.cs:line 507
   at Edge.SVA.BLL.Ord_TransInOrder_H.GetRecordCount(String strWhere) in C:\SVN2\WebBuying_TGP\Edge.SVA.BLL\Master\Ord_TransInOrder_H.cs:line 260
   at Edge.Web.Controllers.Operation.StoreOrderManagement.TransInStoreOrder.TransInStoreOrderController.GetTransactionList(String strWhere, Int32 pageSize, Int32 pageIndex, Int32& recodeCount, String sortFieldStr) in C:\SVN2\WebBuying_TGP\Edge.NewWeb\Controllers\Operation\StoreOrderManagement\TransInStoreOrderController.cs:line 48
   at Edge.Web.Operation.StoreOrderManagement.TransInOrder.List.RptBind(String strWhere, String orderby) in C:\SVN2\WebBuying_TGP\Edge.NewWeb\Operation\StoreOrderManagement\TransInOrder\List.aspx.cs:line 225
ClientConnectionId:0d4e217c-9d02-45f9-b0f7-8c6137c2af72
Error Number:102,State:1,Class:15
2017-05-30 16:18:10,172  User Store Supervisor,functionName:Store Order,msg:Load Faild,Error Message: 
System.Data.SqlClient.SqlException (0x80131904): Incorrect syntax near 'StoreID'.
   at Edge.DBUtility.DbHelperSQL.GetSingle(String SQLString) in C:\SVN\WebBuying\DBUtility\DbHelperSQL.cs:line 569
   at Edge.SVA.SQLServerDAL.Ord_TransInOrder_H.GetRecordCount(String strWhere) in C:\SVN2\WebBuying_TGP\Edge.SVA.SQLServerDAL\Master\Ord_TransInOrder_H.cs:line 507
   at Edge.SVA.BLL.Ord_TransInOrder_H.GetRecordCount(String strWhere) in C:\SVN2\WebBuying_TGP\Edge.SVA.BLL\Master\Ord_TransInOrder_H.cs:line 260
   at Edge.Web.Controllers.Operation.StoreOrderManagement.TransInStoreOrder.TransInStoreOrderController.GetTransactionList(String strWhere, Int32 pageSize, Int32 pageIndex, Int32& recodeCount, String sortFieldStr) in C:\SVN2\WebBuying_TGP\Edge.NewWeb\Controllers\Operation\StoreOrderManagement\TransInStoreOrderController.cs:line 48
   at Edge.Web.Operation.StoreOrderManagement.TransInOrder.List.RptBind(String strWhere, String orderby) in C:\SVN2\WebBuying_TGP\Edge.NewWeb\Operation\StoreOrderManagement\TransInOrder\List.aspx.cs:line 225
ClientConnectionId:0d4e217c-9d02-45f9-b0f7-8c6137c2af72
Error Number:102,State:1,Class:15
2017-05-30 16:18:39,754  User Store Supervisor,functionName:Store Order,msg:Load Faild,Error Message: 
System.Data.SqlClient.SqlException (0x80131904): Incorrect syntax near 'StoreID'.
   at Edge.DBUtility.DbHelperSQL.GetSingle(String SQLString) in C:\SVN\WebBuying\DBUtility\DbHelperSQL.cs:line 569
   at Edge.SVA.SQLServerDAL.Ord_TransInOrder_H.GetRecordCount(String strWhere) in C:\SVN2\WebBuying_TGP\Edge.SVA.SQLServerDAL\Master\Ord_TransInOrder_H.cs:line 507
   at Edge.SVA.BLL.Ord_TransInOrder_H.GetRecordCount(String strWhere) in C:\SVN2\WebBuying_TGP\Edge.SVA.BLL\Master\Ord_TransInOrder_H.cs:line 260
   at Edge.Web.Controllers.Operation.StoreOrderManagement.TransInStoreOrder.TransInStoreOrderController.GetTransactionList(String strWhere, Int32 pageSize, Int32 pageIndex, Int32& recodeCount, String sortFieldStr) in C:\SVN2\WebBuying_TGP\Edge.NewWeb\Controllers\Operation\StoreOrderManagement\TransInStoreOrderController.cs:line 48
   at Edge.Web.Operation.StoreOrderManagement.TransInOrder.List.RptBind(String strWhere, String orderby) in C:\SVN2\WebBuying_TGP\Edge.NewWeb\Operation\StoreOrderManagement\TransInOrder\List.aspx.cs:line 225
ClientConnectionId:0d4e217c-9d02-45f9-b0f7-8c6137c2af72
Error Number:102,State:1,Class:15
2017-05-30 16:19:21,713  User ,functionName:Login,msg: Login Operation userName:admin 
2017-05-30 16:19:31,673  User admin,functionName:Store Order,msg:Load Faild,Error Message: 
System.Data.SqlClient.SqlException (0x80131904): Incorrect syntax near '='.
   at Edge.DBUtility.DbHelperSQL.GetSingle(String SQLString) in C:\SVN\WebBuying\DBUtility\DbHelperSQL.cs:line 569
   at Edge.SVA.SQLServerDAL.Ord_TransInOrder_H.GetRecordCount(String strWhere) in C:\SVN2\WebBuying_TGP\Edge.SVA.SQLServerDAL\Master\Ord_TransInOrder_H.cs:line 507
   at Edge.SVA.BLL.Ord_TransInOrder_H.GetRecordCount(String strWhere) in C:\SVN2\WebBuying_TGP\Edge.SVA.BLL\Master\Ord_TransInOrder_H.cs:line 260
   at Edge.Web.Controllers.Operation.StoreOrderManagement.TransInStoreOrder.TransInStoreOrderController.GetTransactionList(String strWhere, Int32 pageSize, Int32 pageIndex, Int32& recodeCount, String sortFieldStr) in C:\SVN2\WebBuying_TGP\Edge.NewWeb\Controllers\Operation\StoreOrderManagement\TransInStoreOrderController.cs:line 48
   at Edge.Web.Operation.StoreOrderManagement.TransInOrder.List.RptBind(String strWhere, String orderby) in C:\SVN2\WebBuying_TGP\Edge.NewWeb\Operation\StoreOrderManagement\TransInOrder\List.aspx.cs:line 225
ClientConnectionId:0b0efb71-01b7-4241-bdf7-e67f668f9863
Error Number:102,State:1,Class:15
2017-05-30 16:20:16,463  User ,functionName:Login,msg: Login Operation userName:store supervisor 
2017-05-30 16:58:31,700  User ,functionName:Login,msg: Login Operation userName:admin 
2017-05-30 16:59:12,335  User admin,functionName:,msg:Store Order SPO000000001870 Add Success 
2017-05-30 16:59:17,622  User admin,functionName:,msg:Approve Success :SPO000000001870 
2017-05-30 17:52:52,752  User ,functionName:Login,msg: Login Operation userName:admin 
2017-05-30 17:53:00,730  User admin,functionName:,msg:List 
2017-05-30 17:54:26,354  User admin,functionName:,msg:Trans Out Store Order TRAOUT000002356 Add Success 
2017-05-30 17:54:36,149  User admin,functionName:,msg:Approve Success :TRAOUT000002356 
2017-05-30 17:54:41,379  User admin,functionName:,msg:List 
2017-05-30 17:54:45,408  User admin,functionName:,msg:List 
2017-05-30 17:54:50,431  User admin,functionName:,msg:List 
2017-05-30 17:55:16,445  User ,functionName:Login,msg: Login Operation userName:store supervisor 
2017-05-30 17:55:25,114  User ,functionName:Login,msg: Login Operation userName:store supervisor 
2017-05-30 17:55:33,602  User ,functionName:Login,msg: Login Operation userName:store supervisor 
2017-05-30 17:55:36,772  User Store Supervisor,functionName:,msg:List 
2017-05-30 17:56:27,049  User Store Supervisor,functionName:,msg:Trans Out Store Order TRAOUT000002358 Add Success 
2017-05-30 17:56:30,628  User Store Supervisor,functionName:,msg:Approve Success :TRAOUT000002358 
2017-05-30 17:56:34,294  User Store Supervisor,functionName:,msg:List 
2017-05-30 17:57:47,338  User Store Supervisor,functionName:,msg:Trans Out Store Order TRAOUT000002359 Add Success 
2017-05-30 17:57:52,926  User Store Supervisor,functionName:,msg:List 
2017-05-30 17:58:04,088  User Store Supervisor,functionName:,msg:Approve Success :TRAOUT000002359 
2017-05-30 17:58:08,597  User Store Supervisor,functionName:,msg:List 
2017-05-30 18:03:09,907  User Store Supervisor,functionName:,msg:List 
2017-05-30 18:12:10,810  User ,functionName:Login,msg: Login Operation userName:admin 
2017-05-30 18:12:29,119  User ,functionName:Login,msg: Login Operation userName:store supervisor 
2017-05-30 18:12:33,949  User Store Supervisor,functionName:,msg:List 
2017-05-30 18:12:51,495  User Store Supervisor,functionName:ProdCode,msg:Load Field,Error Message: 
System.Exception: Ambiguous column name 'StoreID'.
   at Edge.DBUtility.DbHelperSQL.Query(String SQLString) in C:\SVN\WebBuying\DBUtility\DbHelperSQL.cs:line 641
   at Edge.SVA.SQLServerDAL.BUY_PRODUCT.GetStockListByPage(String strWhere, String orderby, Int32 startIndex, Int32 endIndex) in C:\SVN2\WebBuying_TGP\Edge.SVA.SQLServerDAL\Master\BUY_PRODUCT.cs:line 1190
   at Edge.SVA.BLL.BUY_PRODUCT.GetStockListByPage(String strWhere, String orderby, Int32 startIndex, Int32 endIndex) in C:\SVN2\WebBuying_TGP\Edge.SVA.BLL\Master\BUY_PRODUCT.cs:line 532
   at Edge.Web.Controllers.WebBuying.MasterFiles.ComplexInformations.BUY_PRODUCT.BuyingProductController.GetStockList(String strWhere, Int32 pageSize, Int32 pageIndex, Int32& recodeCount, String sortFieldStr) in C:\SVN2\WebBuying_TGP\Edge.NewWeb\Controllers\WebBuying\MasterFiles\ComplexInformations\BUY_PRODUCT\BuyingProductController.cs:line 105
   at Edge.Web.WebBuying.Enquiry.StockQuery.List.RptBind(String strWhere, String orderby) in C:\SVN2\WebBuying_TGP\Edge.NewWeb\Enquiry\StockQuery\List.aspx.cs:line 124
2017-05-30 18:13:10,762  User Store Supervisor,functionName:ProdCode,msg:Load Field,Error Message: 
System.Exception: Ambiguous column name 'StoreID'.
   at Edge.DBUtility.DbHelperSQL.Query(String SQLString) in C:\SVN\WebBuying\DBUtility\DbHelperSQL.cs:line 641
   at Edge.SVA.SQLServerDAL.BUY_PRODUCT.GetStockListByPage(String strWhere, String orderby, Int32 startIndex, Int32 endIndex) in C:\SVN2\WebBuying_TGP\Edge.SVA.SQLServerDAL\Master\BUY_PRODUCT.cs:line 1190
   at Edge.SVA.BLL.BUY_PRODUCT.GetStockListByPage(String strWhere, String orderby, Int32 startIndex, Int32 endIndex) in C:\SVN2\WebBuying_TGP\Edge.SVA.BLL\Master\BUY_PRODUCT.cs:line 532
   at Edge.Web.Controllers.WebBuying.MasterFiles.ComplexInformations.BUY_PRODUCT.BuyingProductController.GetStockList(String strWhere, Int32 pageSize, Int32 pageIndex, Int32& recodeCount, String sortFieldStr) in C:\SVN2\WebBuying_TGP\Edge.NewWeb\Controllers\WebBuying\MasterFiles\ComplexInformations\BUY_PRODUCT\BuyingProductController.cs:line 105
   at Edge.Web.WebBuying.Enquiry.StockQuery.List.RptBind(String strWhere, String orderby) in C:\SVN2\WebBuying_TGP\Edge.NewWeb\Enquiry\StockQuery\List.aspx.cs:line 124
2017-05-30 18:13:17,335  User Store Supervisor,functionName:ProdCode,msg:Load Field,Error Message: 
System.Exception: Ambiguous column name 'StoreID'.
   at Edge.DBUtility.DbHelperSQL.Query(String SQLString) in C:\SVN\WebBuying\DBUtility\DbHelperSQL.cs:line 641
   at Edge.SVA.SQLServerDAL.BUY_PRODUCT.GetStockListByPage(String strWhere, String orderby, Int32 startIndex, Int32 endIndex) in C:\SVN2\WebBuying_TGP\Edge.SVA.SQLServerDAL\Master\BUY_PRODUCT.cs:line 1190
   at Edge.SVA.BLL.BUY_PRODUCT.GetStockListByPage(String strWhere, String orderby, Int32 startIndex, Int32 endIndex) in C:\SVN2\WebBuying_TGP\Edge.SVA.BLL\Master\BUY_PRODUCT.cs:line 532
   at Edge.Web.Controllers.WebBuying.MasterFiles.ComplexInformations.BUY_PRODUCT.BuyingProductController.GetStockList(String strWhere, Int32 pageSize, Int32 pageIndex, Int32& recodeCount, String sortFieldStr) in C:\SVN2\WebBuying_TGP\Edge.NewWeb\Controllers\WebBuying\MasterFiles\ComplexInformations\BUY_PRODUCT\BuyingProductController.cs:line 105
   at Edge.Web.WebBuying.Enquiry.StockQuery.List.RptBind(String strWhere, String orderby) in C:\SVN2\WebBuying_TGP\Edge.NewWeb\Enquiry\StockQuery\List.aspx.cs:line 124
2017-05-30 18:13:19,009  User Store Supervisor,functionName:ProdCode,msg:Load Field,Error Message: 
System.Exception: Ambiguous column name 'StoreID'.
   at Edge.DBUtility.DbHelperSQL.Query(String SQLString) in C:\SVN\WebBuying\DBUtility\DbHelperSQL.cs:line 641
   at Edge.SVA.SQLServerDAL.BUY_PRODUCT.GetStockListByPage(String strWhere, String orderby, Int32 startIndex, Int32 endIndex) in C:\SVN2\WebBuying_TGP\Edge.SVA.SQLServerDAL\Master\BUY_PRODUCT.cs:line 1190
   at Edge.SVA.BLL.BUY_PRODUCT.GetStockListByPage(String strWhere, String orderby, Int32 startIndex, Int32 endIndex) in C:\SVN2\WebBuying_TGP\Edge.SVA.BLL\Master\BUY_PRODUCT.cs:line 532
   at Edge.Web.Controllers.WebBuying.MasterFiles.ComplexInformations.BUY_PRODUCT.BuyingProductController.GetStockList(String strWhere, Int32 pageSize, Int32 pageIndex, Int32& recodeCount, String sortFieldStr) in C:\SVN2\WebBuying_TGP\Edge.NewWeb\Controllers\WebBuying\MasterFiles\ComplexInformations\BUY_PRODUCT\BuyingProductController.cs:line 105
   at Edge.Web.WebBuying.Enquiry.StockQuery.List.RptBind(String strWhere, String orderby) in C:\SVN2\WebBuying_TGP\Edge.NewWeb\Enquiry\StockQuery\List.aspx.cs:line 124
2017-05-30 18:13:27,168  User Store Supervisor,functionName:ProdCode,msg:Load Field,Error Message: 
System.Exception: Ambiguous column name 'StoreID'.
   at Edge.DBUtility.DbHelperSQL.Query(String SQLString) in C:\SVN\WebBuying\DBUtility\DbHelperSQL.cs:line 641
   at Edge.SVA.SQLServerDAL.BUY_PRODUCT.GetStockListByPage(String strWhere, String orderby, Int32 startIndex, Int32 endIndex) in C:\SVN2\WebBuying_TGP\Edge.SVA.SQLServerDAL\Master\BUY_PRODUCT.cs:line 1190
   at Edge.SVA.BLL.BUY_PRODUCT.GetStockListByPage(String strWhere, String orderby, Int32 startIndex, Int32 endIndex) in C:\SVN2\WebBuying_TGP\Edge.SVA.BLL\Master\BUY_PRODUCT.cs:line 532
   at Edge.Web.Controllers.WebBuying.MasterFiles.ComplexInformations.BUY_PRODUCT.BuyingProductController.GetStockList(String strWhere, Int32 pageSize, Int32 pageIndex, Int32& recodeCount, String sortFieldStr) in C:\SVN2\WebBuying_TGP\Edge.NewWeb\Controllers\WebBuying\MasterFiles\ComplexInformations\BUY_PRODUCT\BuyingProductController.cs:line 105
   at Edge.Web.WebBuying.Enquiry.StockQuery.List.RptBind(String strWhere, String orderby) in C:\SVN2\WebBuying_TGP\Edge.NewWeb\Enquiry\StockQuery\List.aspx.cs:line 124
2017-05-30 18:13:29,047  User Store Supervisor,functionName:ProdCode,msg:Load Field,Error Message: 
System.Exception: Ambiguous column name 'StoreID'.
   at Edge.DBUtility.DbHelperSQL.Query(String SQLString) in C:\SVN\WebBuying\DBUtility\DbHelperSQL.cs:line 641
   at Edge.SVA.SQLServerDAL.BUY_PRODUCT.GetStockListByPage(String strWhere, String orderby, Int32 startIndex, Int32 endIndex) in C:\SVN2\WebBuying_TGP\Edge.SVA.SQLServerDAL\Master\BUY_PRODUCT.cs:line 1190
   at Edge.SVA.BLL.BUY_PRODUCT.GetStockListByPage(String strWhere, String orderby, Int32 startIndex, Int32 endIndex) in C:\SVN2\WebBuying_TGP\Edge.SVA.BLL\Master\BUY_PRODUCT.cs:line 532
   at Edge.Web.Controllers.WebBuying.MasterFiles.ComplexInformations.BUY_PRODUCT.BuyingProductController.GetStockList(String strWhere, Int32 pageSize, Int32 pageIndex, Int32& recodeCount, String sortFieldStr) in C:\SVN2\WebBuying_TGP\Edge.NewWeb\Controllers\WebBuying\MasterFiles\ComplexInformations\BUY_PRODUCT\BuyingProductController.cs:line 105
   at Edge.Web.WebBuying.Enquiry.StockQuery.List.RptBind(String strWhere, String orderby) in C:\SVN2\WebBuying_TGP\Edge.NewWeb\Enquiry\StockQuery\List.aspx.cs:line 124
2017-05-30 18:13:30,850  User Store Supervisor,functionName:ProdCode,msg:Load Field,Error Message: 
System.Exception: Ambiguous column name 'StoreID'.
   at Edge.DBUtility.DbHelperSQL.Query(String SQLString) in C:\SVN\WebBuying\DBUtility\DbHelperSQL.cs:line 641
   at Edge.SVA.SQLServerDAL.BUY_PRODUCT.GetStockListByPage(String strWhere, String orderby, Int32 startIndex, Int32 endIndex) in C:\SVN2\WebBuying_TGP\Edge.SVA.SQLServerDAL\Master\BUY_PRODUCT.cs:line 1190
   at Edge.SVA.BLL.BUY_PRODUCT.GetStockListByPage(String strWhere, String orderby, Int32 startIndex, Int32 endIndex) in C:\SVN2\WebBuying_TGP\Edge.SVA.BLL\Master\BUY_PRODUCT.cs:line 532
   at Edge.Web.Controllers.WebBuying.MasterFiles.ComplexInformations.BUY_PRODUCT.BuyingProductController.GetStockList(String strWhere, Int32 pageSize, Int32 pageIndex, Int32& recodeCount, String sortFieldStr) in C:\SVN2\WebBuying_TGP\Edge.NewWeb\Controllers\WebBuying\MasterFiles\ComplexInformations\BUY_PRODUCT\BuyingProductController.cs:line 105
   at Edge.Web.WebBuying.Enquiry.StockQuery.List.RptBind(String strWhere, String orderby) in C:\SVN2\WebBuying_TGP\Edge.NewWeb\Enquiry\StockQuery\List.aspx.cs:line 124
2017-05-30 18:13:31,632  User Store Supervisor,functionName:ProdCode,msg:Load Field,Error Message: 
System.Exception: Ambiguous column name 'StoreID'.
   at Edge.DBUtility.DbHelperSQL.Query(String SQLString) in C:\SVN\WebBuying\DBUtility\DbHelperSQL.cs:line 641
   at Edge.SVA.SQLServerDAL.BUY_PRODUCT.GetStockListByPage(String strWhere, String orderby, Int32 startIndex, Int32 endIndex) in C:\SVN2\WebBuying_TGP\Edge.SVA.SQLServerDAL\Master\BUY_PRODUCT.cs:line 1190
   at Edge.SVA.BLL.BUY_PRODUCT.GetStockListByPage(String strWhere, String orderby, Int32 startIndex, Int32 endIndex) in C:\SVN2\WebBuying_TGP\Edge.SVA.BLL\Master\BUY_PRODUCT.cs:line 532
   at Edge.Web.Controllers.WebBuying.MasterFiles.ComplexInformations.BUY_PRODUCT.BuyingProductController.GetStockList(String strWhere, Int32 pageSize, Int32 pageIndex, Int32& recodeCount, String sortFieldStr) in C:\SVN2\WebBuying_TGP\Edge.NewWeb\Controllers\WebBuying\MasterFiles\ComplexInformations\BUY_PRODUCT\BuyingProductController.cs:line 105
   at Edge.Web.WebBuying.Enquiry.StockQuery.List.RptBind(String strWhere, String orderby) in C:\SVN2\WebBuying_TGP\Edge.NewWeb\Enquiry\StockQuery\List.aspx.cs:line 124
2017-05-30 18:13:32,016  User Store Supervisor,functionName:ProdCode,msg:Load Field,Error Message: 
System.Exception: Ambiguous column name 'StoreID'.
   at Edge.DBUtility.DbHelperSQL.Query(String SQLString) in C:\SVN\WebBuying\DBUtility\DbHelperSQL.cs:line 641
   at Edge.SVA.SQLServerDAL.BUY_PRODUCT.GetStockListByPage(String strWhere, String orderby, Int32 startIndex, Int32 endIndex) in C:\SVN2\WebBuying_TGP\Edge.SVA.SQLServerDAL\Master\BUY_PRODUCT.cs:line 1190
   at Edge.SVA.BLL.BUY_PRODUCT.GetStockListByPage(String strWhere, String orderby, Int32 startIndex, Int32 endIndex) in C:\SVN2\WebBuying_TGP\Edge.SVA.BLL\Master\BUY_PRODUCT.cs:line 532
   at Edge.Web.Controllers.WebBuying.MasterFiles.ComplexInformations.BUY_PRODUCT.BuyingProductController.GetStockList(String strWhere, Int32 pageSize, Int32 pageIndex, Int32& recodeCount, String sortFieldStr) in C:\SVN2\WebBuying_TGP\Edge.NewWeb\Controllers\WebBuying\MasterFiles\ComplexInformations\BUY_PRODUCT\BuyingProductController.cs:line 105
   at Edge.Web.WebBuying.Enquiry.StockQuery.List.RptBind(String strWhere, String orderby) in C:\SVN2\WebBuying_TGP\Edge.NewWeb\Enquiry\StockQuery\List.aspx.cs:line 124
2017-05-30 18:13:45,091  User Store Supervisor,functionName:ProdCode,msg:Load Field,Error Message: 
System.Exception: Ambiguous column name 'StoreID'.
   at Edge.DBUtility.DbHelperSQL.Query(String SQLString) in C:\SVN\WebBuying\DBUtility\DbHelperSQL.cs:line 641
   at Edge.SVA.SQLServerDAL.BUY_PRODUCT.GetStockListByPage(String strWhere, String orderby, Int32 startIndex, Int32 endIndex) in C:\SVN2\WebBuying_TGP\Edge.SVA.SQLServerDAL\Master\BUY_PRODUCT.cs:line 1190
   at Edge.SVA.BLL.BUY_PRODUCT.GetStockListByPage(String strWhere, String orderby, Int32 startIndex, Int32 endIndex) in C:\SVN2\WebBuying_TGP\Edge.SVA.BLL\Master\BUY_PRODUCT.cs:line 532
   at Edge.Web.Controllers.WebBuying.MasterFiles.ComplexInformations.BUY_PRODUCT.BuyingProductController.GetStockList(String strWhere, Int32 pageSize, Int32 pageIndex, Int32& recodeCount, String sortFieldStr) in C:\SVN2\WebBuying_TGP\Edge.NewWeb\Controllers\WebBuying\MasterFiles\ComplexInformations\BUY_PRODUCT\BuyingProductController.cs:line 105
   at Edge.Web.WebBuying.Enquiry.StockQuery.List.RptBind(String strWhere, String orderby) in C:\SVN2\WebBuying_TGP\Edge.NewWeb\Enquiry\StockQuery\List.aspx.cs:line 124
2017-05-30 18:13:46,315  User Store Supervisor,functionName:ProdCode,msg:Load Field,Error Message: 
System.Exception: Ambiguous column name 'StoreID'.
   at Edge.DBUtility.DbHelperSQL.Query(String SQLString) in C:\SVN\WebBuying\DBUtility\DbHelperSQL.cs:line 641
   at Edge.SVA.SQLServerDAL.BUY_PRODUCT.GetStockListByPage(String strWhere, String orderby, Int32 startIndex, Int32 endIndex) in C:\SVN2\WebBuying_TGP\Edge.SVA.SQLServerDAL\Master\BUY_PRODUCT.cs:line 1190
   at Edge.SVA.BLL.BUY_PRODUCT.GetStockListByPage(String strWhere, String orderby, Int32 startIndex, Int32 endIndex) in C:\SVN2\WebBuying_TGP\Edge.SVA.BLL\Master\BUY_PRODUCT.cs:line 532
   at Edge.Web.Controllers.WebBuying.MasterFiles.ComplexInformations.BUY_PRODUCT.BuyingProductController.GetStockList(String strWhere, Int32 pageSize, Int32 pageIndex, Int32& recodeCount, String sortFieldStr) in C:\SVN2\WebBuying_TGP\Edge.NewWeb\Controllers\WebBuying\MasterFiles\ComplexInformations\BUY_PRODUCT\BuyingProductController.cs:line 105
   at Edge.Web.WebBuying.Enquiry.StockQuery.List.RptBind(String strWhere, String orderby) in C:\SVN2\WebBuying_TGP\Edge.NewWeb\Enquiry\StockQuery\List.aspx.cs:line 124
2017-05-30 18:13:51,202  User Store Supervisor,functionName:ProdCode,msg:Load Field,Error Message: 
System.Exception: Ambiguous column name 'StoreID'.
   at Edge.DBUtility.DbHelperSQL.Query(String SQLString) in C:\SVN\WebBuying\DBUtility\DbHelperSQL.cs:line 641
   at Edge.SVA.SQLServerDAL.BUY_PRODUCT.GetStockListByPage(String strWhere, String orderby, Int32 startIndex, Int32 endIndex) in C:\SVN2\WebBuying_TGP\Edge.SVA.SQLServerDAL\Master\BUY_PRODUCT.cs:line 1190
   at Edge.SVA.BLL.BUY_PRODUCT.GetStockListByPage(String strWhere, String orderby, Int32 startIndex, Int32 endIndex) in C:\SVN2\WebBuying_TGP\Edge.SVA.BLL\Master\BUY_PRODUCT.cs:line 532
   at Edge.Web.Controllers.WebBuying.MasterFiles.ComplexInformations.BUY_PRODUCT.BuyingProductController.GetStockList(String strWhere, Int32 pageSize, Int32 pageIndex, Int32& recodeCount, String sortFieldStr) in C:\SVN2\WebBuying_TGP\Edge.NewWeb\Controllers\WebBuying\MasterFiles\ComplexInformations\BUY_PRODUCT\BuyingProductController.cs:line 105
   at Edge.Web.WebBuying.Enquiry.StockQuery.List.RptBind(String strWhere, String orderby) in C:\SVN2\WebBuying_TGP\Edge.NewWeb\Enquiry\StockQuery\List.aspx.cs:line 124
2017-05-30 18:14:56,516  User Store Supervisor,functionName:ProdCode,msg:Load Field,Error Message: 
System.Exception: Ambiguous column name 'StoreID'.
   at Edge.DBUtility.DbHelperSQL.Query(String SQLString) in C:\SVN\WebBuying\DBUtility\DbHelperSQL.cs:line 641
   at Edge.SVA.SQLServerDAL.BUY_PRODUCT.GetStockListByPage(String strWhere, String orderby, Int32 startIndex, Int32 endIndex) in C:\SVN2\WebBuying_TGP\Edge.SVA.SQLServerDAL\Master\BUY_PRODUCT.cs:line 1190
   at Edge.SVA.BLL.BUY_PRODUCT.GetStockListByPage(String strWhere, String orderby, Int32 startIndex, Int32 endIndex) in C:\SVN2\WebBuying_TGP\Edge.SVA.BLL\Master\BUY_PRODUCT.cs:line 532
   at Edge.Web.Controllers.WebBuying.MasterFiles.ComplexInformations.BUY_PRODUCT.BuyingProductController.GetStockList(String strWhere, Int32 pageSize, Int32 pageIndex, Int32& recodeCount, String sortFieldStr) in C:\SVN2\WebBuying_TGP\Edge.NewWeb\Controllers\WebBuying\MasterFiles\ComplexInformations\BUY_PRODUCT\BuyingProductController.cs:line 105
   at Edge.Web.WebBuying.Enquiry.StockQuery.List.RptBind(String strWhere, String orderby) in C:\SVN2\WebBuying_TGP\Edge.NewWeb\Enquiry\StockQuery\List.aspx.cs:line 124
2017-05-30 18:15:32,493  User Store Supervisor,functionName:ProdCode,msg:Load Field,Error Message: 
System.Exception: Ambiguous column name 'StoreID'.
   at Edge.DBUtility.DbHelperSQL.Query(String SQLString) in C:\SVN\WebBuying\DBUtility\DbHelperSQL.cs:line 641
   at Edge.SVA.SQLServerDAL.BUY_PRODUCT.GetStockListByPage(String strWhere, String orderby, Int32 startIndex, Int32 endIndex) in C:\SVN2\WebBuying_TGP\Edge.SVA.SQLServerDAL\Master\BUY_PRODUCT.cs:line 1190
   at Edge.SVA.BLL.BUY_PRODUCT.GetStockListByPage(String strWhere, String orderby, Int32 startIndex, Int32 endIndex) in C:\SVN2\WebBuying_TGP\Edge.SVA.BLL\Master\BUY_PRODUCT.cs:line 532
   at Edge.Web.Controllers.WebBuying.MasterFiles.ComplexInformations.BUY_PRODUCT.BuyingProductController.GetStockList(String strWhere, Int32 pageSize, Int32 pageIndex, Int32& recodeCount, String sortFieldStr) in C:\SVN2\WebBuying_TGP\Edge.NewWeb\Controllers\WebBuying\MasterFiles\ComplexInformations\BUY_PRODUCT\BuyingProductController.cs:line 105
   at Edge.Web.WebBuying.Enquiry.StockQuery.List.RptBind(String strWhere, String orderby) in C:\SVN2\WebBuying_TGP\Edge.NewWeb\Enquiry\StockQuery\List.aspx.cs:line 124
2017-05-30 18:16:34,017  User Store Supervisor,functionName:ProdCode,msg:Load Field,Error Message: 
System.Exception: Ambiguous column name 'StoreID'.
   at Edge.DBUtility.DbHelperSQL.Query(String SQLString) in C:\SVN\WebBuying\DBUtility\DbHelperSQL.cs:line 641
   at Edge.SVA.SQLServerDAL.BUY_PRODUCT.GetStockListByPage(String strWhere, String orderby, Int32 startIndex, Int32 endIndex) in C:\SVN2\WebBuying_TGP\Edge.SVA.SQLServerDAL\Master\BUY_PRODUCT.cs:line 1190
   at Edge.SVA.BLL.BUY_PRODUCT.GetStockListByPage(String strWhere, String orderby, Int32 startIndex, Int32 endIndex) in C:\SVN2\WebBuying_TGP\Edge.SVA.BLL\Master\BUY_PRODUCT.cs:line 532
   at Edge.Web.Controllers.WebBuying.MasterFiles.ComplexInformations.BUY_PRODUCT.BuyingProductController.GetStockList(String strWhere, Int32 pageSize, Int32 pageIndex, Int32& recodeCount, String sortFieldStr) in C:\SVN2\WebBuying_TGP\Edge.NewWeb\Controllers\WebBuying\MasterFiles\ComplexInformations\BUY_PRODUCT\BuyingProductController.cs:line 105
   at Edge.Web.WebBuying.Enquiry.StockQuery.List.RptBind(String strWhere, String orderby) in C:\SVN2\WebBuying_TGP\Edge.NewWeb\Enquiry\StockQuery\List.aspx.cs:line 124
2017-05-30 18:17:12,790  User ,functionName:Login,msg: Login Operation userName:admin 
2017-05-30 18:17:34,405  User ,functionName:Login,msg: Login Operation userName:store supervisor 
2017-05-30 18:17:39,404  User Store Supervisor,functionName:,msg:List 
2017-05-30 18:17:49,794  User Store Supervisor,functionName:ProdCode,msg:Load Field,Error Message: 
System.Data.SqlClient.SqlException (0x80131904): The multi-part identifier "b.StoreID" could not be bound.
   at Edge.DBUtility.DbHelperSQL.GetSingle(String SQLString) in C:\SVN\WebBuying\DBUtility\DbHelperSQL.cs:line 569
   at Edge.SVA.SQLServerDAL.BUY_PRODUCT.GetStockRecordCount(String strWhere) in C:\SVN2\WebBuying_TGP\Edge.SVA.SQLServerDAL\Master\BUY_PRODUCT.cs:line 1155
   at Edge.SVA.BLL.BUY_PRODUCT.GetStockRecordCount(String strWhere) in C:\SVN2\WebBuying_TGP\Edge.SVA.BLL\Master\BUY_PRODUCT.cs:line 525
   at Edge.Web.Controllers.WebBuying.MasterFiles.ComplexInformations.BUY_PRODUCT.BuyingProductController.GetStockList(String strWhere, Int32 pageSize, Int32 pageIndex, Int32& recodeCount, String sortFieldStr) in C:\SVN2\WebBuying_TGP\Edge.NewWeb\Controllers\WebBuying\MasterFiles\ComplexInformations\BUY_PRODUCT\BuyingProductController.cs:line 96
   at Edge.Web.WebBuying.Enquiry.StockQuery.List.RptBind(String strWhere, String orderby) in C:\SVN2\WebBuying_TGP\Edge.NewWeb\Enquiry\StockQuery\List.aspx.cs:line 124
ClientConnectionId:f537a4c7-7e81-4a3e-ad86-b69ae5fc400a
Error Number:4104,State:1,Class:16
2017-05-30 18:18:05,600  User Store Supervisor,functionName:ProdCode,msg:Load Field,Error Message: 
System.Data.SqlClient.SqlException (0x80131904): The multi-part identifier "b.StoreID" could not be bound.
   at Edge.DBUtility.DbHelperSQL.GetSingle(String SQLString) in C:\SVN\WebBuying\DBUtility\DbHelperSQL.cs:line 569
   at Edge.SVA.SQLServerDAL.BUY_PRODUCT.GetStockRecordCount(String strWhere) in C:\SVN2\WebBuying_TGP\Edge.SVA.SQLServerDAL\Master\BUY_PRODUCT.cs:line 1155
   at Edge.SVA.BLL.BUY_PRODUCT.GetStockRecordCount(String strWhere) in C:\SVN2\WebBuying_TGP\Edge.SVA.BLL\Master\BUY_PRODUCT.cs:line 525
   at Edge.Web.Controllers.WebBuying.MasterFiles.ComplexInformations.BUY_PRODUCT.BuyingProductController.GetStockList(String strWhere, Int32 pageSize, Int32 pageIndex, Int32& recodeCount, String sortFieldStr) in C:\SVN2\WebBuying_TGP\Edge.NewWeb\Controllers\WebBuying\MasterFiles\ComplexInformations\BUY_PRODUCT\BuyingProductController.cs:line 96
   at Edge.Web.WebBuying.Enquiry.StockQuery.List.RptBind(String strWhere, String orderby) in C:\SVN2\WebBuying_TGP\Edge.NewWeb\Enquiry\StockQuery\List.aspx.cs:line 124
ClientConnectionId:f537a4c7-7e81-4a3e-ad86-b69ae5fc400a
Error Number:4104,State:1,Class:16
2017-05-30 18:18:37,650  User Store Supervisor,functionName:ProdCode,msg:Load Field,Error Message: 
System.Data.SqlClient.SqlException (0x80131904): The multi-part identifier "b.StoreID" could not be bound.
   at Edge.DBUtility.DbHelperSQL.GetSingle(String SQLString) in C:\SVN\WebBuying\DBUtility\DbHelperSQL.cs:line 569
   at Edge.SVA.SQLServerDAL.BUY_PRODUCT.GetStockRecordCount(String strWhere) in C:\SVN2\WebBuying_TGP\Edge.SVA.SQLServerDAL\Master\BUY_PRODUCT.cs:line 1155
   at Edge.SVA.BLL.BUY_PRODUCT.GetStockRecordCount(String strWhere) in C:\SVN2\WebBuying_TGP\Edge.SVA.BLL\Master\BUY_PRODUCT.cs:line 525
   at Edge.Web.Controllers.WebBuying.MasterFiles.ComplexInformations.BUY_PRODUCT.BuyingProductController.GetStockList(String strWhere, Int32 pageSize, Int32 pageIndex, Int32& recodeCount, String sortFieldStr) in C:\SVN2\WebBuying_TGP\Edge.NewWeb\Controllers\WebBuying\MasterFiles\ComplexInformations\BUY_PRODUCT\BuyingProductController.cs:line 96
   at Edge.Web.WebBuying.Enquiry.StockQuery.List.RptBind(String strWhere, String orderby) in C:\SVN2\WebBuying_TGP\Edge.NewWeb\Enquiry\StockQuery\List.aspx.cs:line 124
ClientConnectionId:f537a4c7-7e81-4a3e-ad86-b69ae5fc400a
Error Number:4104,State:1,Class:16
2017-05-30 18:20:02,882  User ,functionName:Login,msg: Login Operation userName:store supervisor 
2017-05-30 18:20:12,717  User Store Supervisor,functionName:,msg:List 
2017-05-30 18:20:25,394  User Store Supervisor,functionName:ProdCode,msg:Load Field,Error Message: 
System.Exception: Invalid column name 'OnhandQty'.
   at Edge.DBUtility.DbHelperSQL.Query(String SQLString) in C:\SVN\WebBuying\DBUtility\DbHelperSQL.cs:line 641
   at Edge.SVA.SQLServerDAL.BUY_PRODUCT.GetStockListByPage(String strWhere, String orderby, Int32 startIndex, Int32 endIndex) in C:\SVN2\WebBuying_TGP\Edge.SVA.SQLServerDAL\Master\BUY_PRODUCT.cs:line 1190
   at Edge.SVA.BLL.BUY_PRODUCT.GetStockListByPage(String strWhere, String orderby, Int32 startIndex, Int32 endIndex) in C:\SVN2\WebBuying_TGP\Edge.SVA.BLL\Master\BUY_PRODUCT.cs:line 532
   at Edge.Web.Controllers.WebBuying.MasterFiles.ComplexInformations.BUY_PRODUCT.BuyingProductController.GetStockList(String strWhere, Int32 pageSize, Int32 pageIndex, Int32& recodeCount, String sortFieldStr) in C:\SVN2\WebBuying_TGP\Edge.NewWeb\Controllers\WebBuying\MasterFiles\ComplexInformations\BUY_PRODUCT\BuyingProductController.cs:line 105
   at Edge.Web.WebBuying.Enquiry.StockQuery.List.RptBind(String strWhere, String orderby) in C:\SVN2\WebBuying_TGP\Edge.NewWeb\Enquiry\StockQuery\List.aspx.cs:line 124
2017-05-30 18:21:58,269  User ,functionName:Login,msg: Login Operation userName:store supervisor 
2017-05-30 18:22:03,487  User Store Supervisor,functionName:,msg:List 
2017-05-30 18:22:24,599  User Store Supervisor,functionName:ProdCode,msg:Load Field,Error Message: 
System.Exception: Ambiguous column name 'StoreID'.
   at Edge.DBUtility.DbHelperSQL.Query(String SQLString) in C:\SVN\WebBuying\DBUtility\DbHelperSQL.cs:line 641
   at Edge.SVA.SQLServerDAL.BUY_PRODUCT.GetStockListByPage(String strWhere, String orderby, Int32 startIndex, Int32 endIndex) in C:\SVN2\WebBuying_TGP\Edge.SVA.SQLServerDAL\Master\BUY_PRODUCT.cs:line 1190
   at Edge.SVA.BLL.BUY_PRODUCT.GetStockListByPage(String strWhere, String orderby, Int32 startIndex, Int32 endIndex) in C:\SVN2\WebBuying_TGP\Edge.SVA.BLL\Master\BUY_PRODUCT.cs:line 532
   at Edge.Web.Controllers.WebBuying.MasterFiles.ComplexInformations.BUY_PRODUCT.BuyingProductController.GetStockList(String strWhere, Int32 pageSize, Int32 pageIndex, Int32& recodeCount, String sortFieldStr) in C:\SVN2\WebBuying_TGP\Edge.NewWeb\Controllers\WebBuying\MasterFiles\ComplexInformations\BUY_PRODUCT\BuyingProductController.cs:line 105
   at Edge.Web.WebBuying.Enquiry.StockQuery.List.RptBind(String strWhere, String orderby) in C:\SVN2\WebBuying_TGP\Edge.NewWeb\Enquiry\StockQuery\List.aspx.cs:line 124
2017-05-30 18:22:33,437  User Store Supervisor,functionName:,msg:List 
2017-05-30 18:22:46,984  User Store Supervisor,functionName:,msg:List 
2017-05-30 18:23:38,173  User Store Supervisor,functionName:ProdCode,msg:Load Field,Error Message: 
System.Exception: Ambiguous column name 'StoreID'.
   at Edge.DBUtility.DbHelperSQL.Query(String SQLString) in C:\SVN\WebBuying\DBUtility\DbHelperSQL.cs:line 641
   at Edge.SVA.SQLServerDAL.BUY_PRODUCT.GetStockListByPage(String strWhere, String orderby, Int32 startIndex, Int32 endIndex) in C:\SVN2\WebBuying_TGP\Edge.SVA.SQLServerDAL\Master\BUY_PRODUCT.cs:line 1190
   at Edge.SVA.BLL.BUY_PRODUCT.GetStockListByPage(String strWhere, String orderby, Int32 startIndex, Int32 endIndex) in C:\SVN2\WebBuying_TGP\Edge.SVA.BLL\Master\BUY_PRODUCT.cs:line 532
   at Edge.Web.Controllers.WebBuying.MasterFiles.ComplexInformations.BUY_PRODUCT.BuyingProductController.GetStockList(String strWhere, Int32 pageSize, Int32 pageIndex, Int32& recodeCount, String sortFieldStr) in C:\SVN2\WebBuying_TGP\Edge.NewWeb\Controllers\WebBuying\MasterFiles\ComplexInformations\BUY_PRODUCT\BuyingProductController.cs:line 105
   at Edge.Web.WebBuying.Enquiry.StockQuery.List.RptBind(String strWhere, String orderby) in C:\SVN2\WebBuying_TGP\Edge.NewWeb\Enquiry\StockQuery\List.aspx.cs:line 124
2017-05-30 18:24:21,423  User ,functionName:Login,msg: Login Operation userName:store supervisor 
2017-05-30 18:24:26,909  User Store Supervisor,functionName:,msg:List 
2017-05-30 18:24:44,603  User Store Supervisor,functionName:ProdCode,msg:Load Field,Error Message: 
System.Data.SqlClient.SqlException (0x80131904): The multi-part identifier "b.StoreID" could not be bound.
   at Edge.DBUtility.DbHelperSQL.GetSingle(String SQLString) in C:\SVN\WebBuying\DBUtility\DbHelperSQL.cs:line 569
   at Edge.SVA.SQLServerDAL.BUY_PRODUCT.GetStockRecordCount(String strWhere) in C:\SVN2\WebBuying_TGP\Edge.SVA.SQLServerDAL\Master\BUY_PRODUCT.cs:line 1155
   at Edge.SVA.BLL.BUY_PRODUCT.GetStockRecordCount(String strWhere) in C:\SVN2\WebBuying_TGP\Edge.SVA.BLL\Master\BUY_PRODUCT.cs:line 525
   at Edge.Web.Controllers.WebBuying.MasterFiles.ComplexInformations.BUY_PRODUCT.BuyingProductController.GetStockList(String strWhere, Int32 pageSize, Int32 pageIndex, Int32& recodeCount, String sortFieldStr) in C:\SVN2\WebBuying_TGP\Edge.NewWeb\Controllers\WebBuying\MasterFiles\ComplexInformations\BUY_PRODUCT\BuyingProductController.cs:line 96
   at Edge.Web.WebBuying.Enquiry.StockQuery.List.RptBind(String strWhere, String orderby) in C:\SVN2\WebBuying_TGP\Edge.NewWeb\Enquiry\StockQuery\List.aspx.cs:line 124
ClientConnectionId:871e0fac-9c21-466c-bfca-de5f390e5109
Error Number:4104,State:1,Class:16
2017-05-30 18:25:00,505  User Store Supervisor,functionName:ProdCode,msg:Load Field,Error Message: 
System.Data.SqlClient.SqlException (0x80131904): The multi-part identifier "b.StoreID" could not be bound.
   at Edge.DBUtility.DbHelperSQL.GetSingle(String SQLString) in C:\SVN\WebBuying\DBUtility\DbHelperSQL.cs:line 569
   at Edge.SVA.SQLServerDAL.BUY_PRODUCT.GetStockRecordCount(String strWhere) in C:\SVN2\WebBuying_TGP\Edge.SVA.SQLServerDAL\Master\BUY_PRODUCT.cs:line 1155
   at Edge.SVA.BLL.BUY_PRODUCT.GetStockRecordCount(String strWhere) in C:\SVN2\WebBuying_TGP\Edge.SVA.BLL\Master\BUY_PRODUCT.cs:line 525
   at Edge.Web.Controllers.WebBuying.MasterFiles.ComplexInformations.BUY_PRODUCT.BuyingProductController.GetStockList(String strWhere, Int32 pageSize, Int32 pageIndex, Int32& recodeCount, String sortFieldStr) in C:\SVN2\WebBuying_TGP\Edge.NewWeb\Controllers\WebBuying\MasterFiles\ComplexInformations\BUY_PRODUCT\BuyingProductController.cs:line 96
   at Edge.Web.WebBuying.Enquiry.StockQuery.List.RptBind(String strWhere, String orderby) in C:\SVN2\WebBuying_TGP\Edge.NewWeb\Enquiry\StockQuery\List.aspx.cs:line 124
ClientConnectionId:871e0fac-9c21-466c-bfca-de5f390e5109
Error Number:4104,State:1,Class:16
2017-05-30 18:25:53,906  User Store Supervisor,functionName:ProdCode,msg:Load Field,Error Message: 
System.Data.SqlClient.SqlException (0x80131904): The multi-part identifier "b.StoreID" could not be bound.
   at Edge.DBUtility.DbHelperSQL.GetSingle(String SQLString) in C:\SVN\WebBuying\DBUtility\DbHelperSQL.cs:line 569
   at Edge.SVA.SQLServerDAL.BUY_PRODUCT.GetStockRecordCount(String strWhere) in C:\SVN2\WebBuying_TGP\Edge.SVA.SQLServerDAL\Master\BUY_PRODUCT.cs:line 1155
   at Edge.SVA.BLL.BUY_PRODUCT.GetStockRecordCount(String strWhere) in C:\SVN2\WebBuying_TGP\Edge.SVA.BLL\Master\BUY_PRODUCT.cs:line 525
   at Edge.Web.Controllers.WebBuying.MasterFiles.ComplexInformations.BUY_PRODUCT.BuyingProductController.GetStockList(String strWhere, Int32 pageSize, Int32 pageIndex, Int32& recodeCount, String sortFieldStr) in C:\SVN2\WebBuying_TGP\Edge.NewWeb\Controllers\WebBuying\MasterFiles\ComplexInformations\BUY_PRODUCT\BuyingProductController.cs:line 96
   at Edge.Web.WebBuying.Enquiry.StockQuery.List.RptBind(String strWhere, String orderby) in C:\SVN2\WebBuying_TGP\Edge.NewWeb\Enquiry\StockQuery\List.aspx.cs:line 124
ClientConnectionId:871e0fac-9c21-466c-bfca-de5f390e5109
Error Number:4104,State:1,Class:16
2017-05-30 18:28:10,054  User ,functionName:Login,msg: Login Operation userName:store supervisor 
2017-05-30 18:28:15,040  User Store Supervisor,functionName:,msg:List 
2017-05-30 18:28:16,173  User Store Supervisor,functionName:ProdCode,msg:Load Field,Error Message: 
System.Data.SqlClient.SqlException (0x80131904): The multi-part identifier "s.StoreID" could not be bound.
   at Edge.DBUtility.DbHelperSQL.GetSingle(String SQLString) in C:\SVN\WebBuying\DBUtility\DbHelperSQL.cs:line 569
   at Edge.SVA.SQLServerDAL.BUY_PRODUCT.GetStockRecordCount(String strWhere) in C:\SVN2\WebBuying_TGP\Edge.SVA.SQLServerDAL\Master\BUY_PRODUCT.cs:line 1156
   at Edge.SVA.BLL.BUY_PRODUCT.GetStockRecordCount(String strWhere) in C:\SVN2\WebBuying_TGP\Edge.SVA.BLL\Master\BUY_PRODUCT.cs:line 525
   at Edge.Web.Controllers.WebBuying.MasterFiles.ComplexInformations.BUY_PRODUCT.BuyingProductController.GetStockList(String strWhere, Int32 pageSize, Int32 pageIndex, Int32& recodeCount, String sortFieldStr) in C:\SVN2\WebBuying_TGP\Edge.NewWeb\Controllers\WebBuying\MasterFiles\ComplexInformations\BUY_PRODUCT\BuyingProductController.cs:line 96
   at Edge.Web.WebBuying.Enquiry.StockQuery.List.RptBind(String strWhere, String orderby) in C:\SVN2\WebBuying_TGP\Edge.NewWeb\Enquiry\StockQuery\List.aspx.cs:line 124
ClientConnectionId:02a08a3a-d154-49b8-a708-abf40c1173df
Error Number:4104,State:1,Class:16
2017-05-30 18:28:51,839  User Store Supervisor,functionName:,msg:List 
2017-05-30 18:30:54,133  User Store Supervisor,functionName:ProdCode,msg:Load Field,Error Message: 
System.Data.SqlClient.SqlException (0x80131904): The multi-part identifier "s.StoreID" could not be bound.
   at Edge.DBUtility.DbHelperSQL.GetSingle(String SQLString) in C:\SVN\WebBuying\DBUtility\DbHelperSQL.cs:line 569
   at Edge.SVA.SQLServerDAL.BUY_PRODUCT.GetStockRecordCount(String strWhere) in C:\SVN2\WebBuying_TGP\Edge.SVA.SQLServerDAL\Master\BUY_PRODUCT.cs:line 1156
   at Edge.SVA.BLL.BUY_PRODUCT.GetStockRecordCount(String strWhere) in C:\SVN2\WebBuying_TGP\Edge.SVA.BLL\Master\BUY_PRODUCT.cs:line 525
   at Edge.Web.Controllers.WebBuying.MasterFiles.ComplexInformations.BUY_PRODUCT.BuyingProductController.GetStockList(String strWhere, Int32 pageSize, Int32 pageIndex, Int32& recodeCount, String sortFieldStr) in C:\SVN2\WebBuying_TGP\Edge.NewWeb\Controllers\WebBuying\MasterFiles\ComplexInformations\BUY_PRODUCT\BuyingProductController.cs:line 96
   at Edge.Web.WebBuying.Enquiry.StockQuery.List.RptBind(String strWhere, String orderby) in C:\SVN2\WebBuying_TGP\Edge.NewWeb\Enquiry\StockQuery\List.aspx.cs:line 124
ClientConnectionId:02a08a3a-d154-49b8-a708-abf40c1173df
Error Number:4104,State:1,Class:16
2017-05-30 18:31:44,591  User ,functionName:Login,msg: Login Operation userName:store supervisor 
2017-05-30 18:31:50,575  User Store Supervisor,functionName:,msg:List 
2017-05-30 18:45:34,163  User ,functionName:Login,msg: Login Operation userName:store supervisor 
2017-05-30 18:45:45,671  User Store Supervisor,functionName:,msg:List 
2017-05-30 18:47:45,458  User Store Supervisor,functionName:,msg:List 
2017-05-30 19:04:33,044  User ,functionName:Login,msg: Login Operation userName:store supervisor 
2017-05-30 19:04:38,824  User Store Supervisor,functionName:,msg:List 
2017-05-30 19:04:59,617  User Store Supervisor,functionName:,msg:List 
2017-05-30 19:08:30,693  User ,functionName:Login,msg: Login Operation userName:store supervisor 
2017-05-30 19:09:32,744  User Store Supervisor,functionName:,msg:List 
2017-05-30 19:09:47,020  User Store Supervisor,functionName:,msg:List 
2017-05-30 19:20:30,878  User ,functionName:Login,msg: Login Operation userName:store supervisor 
2017-05-30 19:20:37,565  User Store Supervisor,functionName:,msg:List 
2017-05-30 19:21:03,642  User Store Supervisor,functionName:,msg:List 
2017-05-30 19:21:23,407  User ,functionName:Login,msg: Login Operation userName:admin 
2017-05-30 19:21:27,486  User admin,functionName:,msg:List 
2017-05-30 19:25:10,499  User admin,functionName:Store Order,msg:Load Faild,Error Message: 
System.Data.SqlClient.SqlException (0x80131904): Incorrect syntax near '='.
   at Edge.DBUtility.DbHelperSQL.GetSingle(String SQLString) in C:\SVN\WebBuying\DBUtility\DbHelperSQL.cs:line 569
   at Edge.SVA.SQLServerDAL.Ord_TransInOrder_H.GetRecordCount(String strWhere) in C:\SVN2\WebBuying_TGP\Edge.SVA.SQLServerDAL\Master\Ord_TransInOrder_H.cs:line 507
   at Edge.SVA.BLL.Ord_TransInOrder_H.GetRecordCount(String strWhere) in C:\SVN2\WebBuying_TGP\Edge.SVA.BLL\Master\Ord_TransInOrder_H.cs:line 260
   at Edge.Web.Controllers.Operation.StoreOrderManagement.TransInStoreOrder.TransInStoreOrderController.GetTransactionList(String strWhere, Int32 pageSize, Int32 pageIndex, Int32& recodeCount, String sortFieldStr) in C:\SVN2\WebBuying_TGP\Edge.NewWeb\Controllers\Operation\StoreOrderManagement\TransInStoreOrderController.cs:line 48
   at Edge.Web.Operation.StoreOrderManagement.TransInOrder.List.RptBind(String strWhere, String orderby) in C:\SVN2\WebBuying_TGP\Edge.NewWeb\Operation\StoreOrderManagement\TransInOrder\List.aspx.cs:line 225
ClientConnectionId:7f157538-1cc7-4e93-ba8c-69d75ba4750b
Error Number:102,State:1,Class:15
