2016-04-12 08:33:12,403  User ,functionName:Login,msg: Login Operation userName:admin 
2016-04-12 08:33:33,895  User ,functionName:Login,msg: Login Operation userName:admin 
2016-04-12 08:33:47,611  User admin,functionName:,msg:List 
2016-04-12 08:40:54,140  User ,functionName:,msg:List 
2016-04-12 08:41:17,803  User ,functionName:Login,msg: Login Operation userName:admin 
2016-04-12 08:42:26,550  User ,functionName:Login,msg: Login Operation userName:admin 
2016-04-12 09:21:34,072  User ,functionName:Login,msg: Login Operation userName:admin 
2016-04-12 09:21:49,845  User admin,functionName:,msg:List 
2016-04-12 09:22:18,180  User admin,functionName:,msg:List 
2016-04-12 09:22:37,572  User admin,functionName:,msg:List 
2016-04-12 09:22:39,635  User admin,functionName:,msg:List 
2016-04-12 09:22:59,454  User admin,functionName:,msg:Show 
2016-04-12 09:23:02,301  User admin,functionName:,msg:Show 
2016-04-12 09:23:08,872  User admin,functionName:,msg:List 
2016-04-12 09:23:19,054  User admin,functionName:,msg:List 
2016-04-12 09:23:19,085  User admin,functionName:ProdCode,msg:Load Field,Error Message: 
System.Data.SqlClient.SqlException: An expression of non-boolean type specified in a context where a condition is expected, near '01119671'.
   at Edge.DBUtility.DbHelperSQL.GetSingle(String SQLString)
   at Edge.SVA.SQLServerDAL.BUY_PRODUCT.GetRecordCount(String strWhere) in D:\Working\WebBuying_NEWUI\Edge.SVA.SQLServerDAL\Master\BUY_PRODUCT.cs:line 1001
   at Edge.SVA.BLL.BUY_PRODUCT.GetRecordCount(String strWhere) in D:\Working\WebBuying_NEWUI\Edge.SVA.BLL\Master\BUY_PRODUCT.cs:line 502
   at Edge.Web.Controllers.WebBuying.MasterFiles.ComplexInformations.BUY_PRODUCT.BuyingProductController.GetTransactionList(String strWhere, Int32 pageSize, Int32 pageIndex, Int32& recodeCount, String sortFieldStr) in D:\Working\WebBuying_NEWUI\Edge.NewWeb\Controllers\WebBuying\MasterFiles\ComplexInformations\BUY_PRODUCT\BuyingProductController.cs:line 44
   at Edge.Web.WebBuying.MasterFiles.ComplexInformations.BUY_PRODUCT.List.RptBind(String strWhere, String orderby) in D:\Working\WebBuying_NEWUI\Edge.NewWeb\WebBuying\MasterFiles\ComplexInformations\BUY_PRODUCT\List.aspx.cs:line 132
2016-04-12 09:23:42,447  User admin,functionName:,msg: Add  
2016-04-12 09:23:42,493  User admin,functionName:,msg:Add ProdAssociated Success Code:01119671 
2016-04-12 09:26:32,269  User ,functionName:Login,msg: Login Operation userName:admin 
2016-04-12 09:26:43,790  User admin,functionName:,msg:List 
2016-04-12 09:26:45,904  User admin,functionName:,msg:List 
2016-04-12 09:26:52,471  User admin,functionName:,msg:List 
2016-04-12 09:26:52,565  User admin,functionName:ProdCode,msg:Load Field,Error Message: 
System.Data.SqlClient.SqlException: An expression of non-boolean type specified in a context where a condition is expected, near '01119665'.
   at Edge.DBUtility.DbHelperSQL.GetSingle(String SQLString)
   at Edge.SVA.SQLServerDAL.BUY_PRODUCT.GetRecordCount(String strWhere) in D:\Working\WebBuying_NEWUI\Edge.SVA.SQLServerDAL\Master\BUY_PRODUCT.cs:line 1001
   at Edge.SVA.BLL.BUY_PRODUCT.GetRecordCount(String strWhere) in D:\Working\WebBuying_NEWUI\Edge.SVA.BLL\Master\BUY_PRODUCT.cs:line 502
   at Edge.Web.Controllers.WebBuying.MasterFiles.ComplexInformations.BUY_PRODUCT.BuyingProductController.GetTransactionList(String strWhere, Int32 pageSize, Int32 pageIndex, Int32& recodeCount, String sortFieldStr) in D:\Working\WebBuying_NEWUI\Edge.NewWeb\Controllers\WebBuying\MasterFiles\ComplexInformations\BUY_PRODUCT\BuyingProductController.cs:line 47
   at Edge.Web.WebBuying.MasterFiles.ComplexInformations.BUY_PRODUCT.List.RptBind(String strWhere, String orderby) in D:\Working\WebBuying_NEWUI\Edge.NewWeb\WebBuying\MasterFiles\ComplexInformations\BUY_PRODUCT\List.aspx.cs:line 133
2016-04-12 09:27:02,924  User admin,functionName:,msg: Add  
2016-04-12 09:27:52,392  User admin,functionName:,msg:Add ProdAssociated Success Code:01119665 
2016-04-12 09:30:05,331  User ,functionName:Login,msg: Login Operation userName:admin 
2016-04-12 09:30:12,357  User admin,functionName:,msg:List 
2016-04-12 09:30:14,810  User admin,functionName:,msg:List 
2016-04-12 09:30:25,023  User admin,functionName:,msg:List 
2016-04-12 09:30:25,091  User admin,functionName:ProdCode,msg:Load Field,Error Message: 
System.Data.SqlClient.SqlException: An expression of non-boolean type specified in a context where a condition is expected, near '01119644'.
   at Edge.DBUtility.DbHelperSQL.GetSingle(String SQLString)
   at Edge.SVA.SQLServerDAL.BUY_PRODUCT.GetRecordCount(String strWhere) in D:\Working\WebBuying_NEWUI\Edge.SVA.SQLServerDAL\Master\BUY_PRODUCT.cs:line 1001
   at Edge.SVA.BLL.BUY_PRODUCT.GetRecordCount(String strWhere) in D:\Working\WebBuying_NEWUI\Edge.SVA.BLL\Master\BUY_PRODUCT.cs:line 502
   at Edge.Web.Controllers.WebBuying.MasterFiles.ComplexInformations.BUY_PRODUCT.BuyingProductController.GetTransactionList(String strWhere, Int32 pageSize, Int32 pageIndex, Int32& recodeCount, String sortFieldStr) in D:\Working\WebBuying_NEWUI\Edge.NewWeb\Controllers\WebBuying\MasterFiles\ComplexInformations\BUY_PRODUCT\BuyingProductController.cs:line 47
   at Edge.Web.WebBuying.MasterFiles.ComplexInformations.BUY_PRODUCT.List.RptBind(String strWhere, String orderby) in D:\Working\WebBuying_NEWUI\Edge.NewWeb\WebBuying\MasterFiles\ComplexInformations\BUY_PRODUCT\List.aspx.cs:line 133
2016-04-12 09:30:58,680  User admin,functionName:,msg: Add  
2016-04-12 09:31:46,447  User admin,functionName:,msg:Add ProdAssociated Success Code:01119644 
2016-04-12 09:31:50,976  User admin,functionName:,msg:List 
2016-04-12 09:31:51,044  User admin,functionName:ProdCode,msg:Load Field,Error Message: 
System.Data.SqlClient.SqlException: An expression of non-boolean type specified in a context where a condition is expected, near '01119644'.
   at Edge.DBUtility.DbHelperSQL.GetSingle(String SQLString)
   at Edge.SVA.SQLServerDAL.BUY_PRODUCT.GetRecordCount(String strWhere) in D:\Working\WebBuying_NEWUI\Edge.SVA.SQLServerDAL\Master\BUY_PRODUCT.cs:line 1001
   at Edge.SVA.BLL.BUY_PRODUCT.GetRecordCount(String strWhere) in D:\Working\WebBuying_NEWUI\Edge.SVA.BLL\Master\BUY_PRODUCT.cs:line 502
   at Edge.Web.Controllers.WebBuying.MasterFiles.ComplexInformations.BUY_PRODUCT.BuyingProductController.GetTransactionList(String strWhere, Int32 pageSize, Int32 pageIndex, Int32& recodeCount, String sortFieldStr) in D:\Working\WebBuying_NEWUI\Edge.NewWeb\Controllers\WebBuying\MasterFiles\ComplexInformations\BUY_PRODUCT\BuyingProductController.cs:line 47
   at Edge.Web.WebBuying.MasterFiles.ComplexInformations.BUY_PRODUCT.List.RptBind(String strWhere, String orderby) in D:\Working\WebBuying_NEWUI\Edge.NewWeb\WebBuying\MasterFiles\ComplexInformations\BUY_PRODUCT\List.aspx.cs:line 133
2016-04-12 09:32:32,775  User admin,functionName:,msg: Add  
2016-04-12 09:32:57,299  User admin,functionName:,msg:Add ProdAssociated Success Code:01119644 
2016-04-12 09:37:01,761  User ,functionName:Login,msg: Login Operation userName:admin 
2016-04-12 09:37:09,886  User admin,functionName:,msg:List 
2016-04-12 09:37:13,294  User admin,functionName:,msg:List 
2016-04-12 09:37:17,747  User admin,functionName:,msg:List 
2016-04-12 09:37:25,669  User admin,functionName:,msg:List 
2016-04-12 09:37:25,733  User admin,functionName:ProdCode,msg:Load Field,Error Message: 
System.Data.SqlClient.SqlException: An expression of non-boolean type specified in a context where a condition is expected, near '01119665'.
   at Edge.DBUtility.DbHelperSQL.GetSingle(String SQLString)
   at Edge.SVA.SQLServerDAL.BUY_PRODUCT.GetRecordCount(String strWhere) in D:\Working\WebBuying_NEWUI\Edge.SVA.SQLServerDAL\Master\BUY_PRODUCT.cs:line 1001
   at Edge.SVA.BLL.BUY_PRODUCT.GetRecordCount(String strWhere) in D:\Working\WebBuying_NEWUI\Edge.SVA.BLL\Master\BUY_PRODUCT.cs:line 502
   at Edge.Web.Controllers.WebBuying.MasterFiles.ComplexInformations.BUY_PRODUCT.BuyingProductController.GetTransactionList(String strWhere, Int32 pageSize, Int32 pageIndex, Int32& recodeCount, String sortFieldStr) in D:\Working\WebBuying_NEWUI\Edge.NewWeb\Controllers\WebBuying\MasterFiles\ComplexInformations\BUY_PRODUCT\BuyingProductController.cs:line 47
   at Edge.Web.WebBuying.MasterFiles.ComplexInformations.BUY_PRODUCT.List.RptBind(String strWhere, String orderby) in D:\Working\WebBuying_NEWUI\Edge.NewWeb\WebBuying\MasterFiles\ComplexInformations\BUY_PRODUCT\List.aspx.cs:line 133
2016-04-12 09:37:43,389  User admin,functionName:,msg: Add  
2016-04-12 09:38:05,556  User admin,functionName:,msg:Add ProdAssociated Success Code:01119665 
2016-04-12 09:38:22,539  User admin,functionName:,msg:Show 
2016-04-12 09:38:24,493  User admin,functionName:,msg:Show 
2016-04-12 17:11:05,499  User ,functionName:Login,msg: Login Operation userName:admin 
