2017-06-13 17:53:29,983  User ,functionName:Login,msg: Login Operation userName:admin 
2017-06-13 18:09:39,290  User ,functionName:Login,msg: Login Operation userName:admin 
2017-06-13 18:09:48,923  User ,functionName:Login,msg: Login Operation userName:admin 
2017-06-13 18:10:20,845  User admin,functionName:Store Order,msg:Load Faild,Error Message: 
System.ArgumentException: Column 'DeliveryStatus' does not belong to table ds.
   at System.Data.DataRow.GetDataColumn(String columnName)
   at System.Data.DataRow.get_Item(String columnName)
   at Edge.Web.Tools.DataTool.AddDeliveryStatusName(DataSet ds, String newColunm, String deliveryStatus) in C:\SVN2\WebBuying_TGP\Edge.NewWeb\Tools\DataTool.cs:line 393
   at Edge.Web.Controllers.Operation.StoreOrderManagement.StoreOrder.StoreOrderController.GetTransactionList(String strWhere, Int32 pageSize, Int32 pageIndex, Int32& recodeCount, String sortFieldStr) in C:\SVN2\WebBuying_TGP\Edge.NewWeb\Controllers\Operation\StoreOrderManagement\StoreOrderController.cs:line 57
   at Edge.Web.Operation.StoreOrderManagement.StoreOrder.List.RptBind(String strWhere, String orderby) in C:\SVN2\WebBuying_TGP\Edge.NewWeb\Operation\StoreOrderManagement\StoreOrder\List.aspx.cs:line 223
2017-06-13 18:11:52,679  User admin,functionName:Store Order,msg:Load Faild,Error Message: 
System.ArgumentException: Column 'DeliveryStatus' does not belong to table ds.
   at System.Data.DataRow.GetDataColumn(String columnName)
   at System.Data.DataRow.get_Item(String columnName)
   at Edge.Web.Tools.DataTool.AddDeliveryStatusName(DataSet ds, String newColunm, String deliveryStatus) in C:\SVN2\WebBuying_TGP\Edge.NewWeb\Tools\DataTool.cs:line 393
   at Edge.Web.Controllers.Operation.StoreOrderManagement.StoreOrder.StoreOrderController.GetTransactionList(String strWhere, Int32 pageSize, Int32 pageIndex, Int32& recodeCount, String sortFieldStr) in C:\SVN2\WebBuying_TGP\Edge.NewWeb\Controllers\Operation\StoreOrderManagement\StoreOrderController.cs:line 57
   at Edge.Web.Operation.StoreOrderManagement.StoreOrder.List.RptBind(String strWhere, String orderby) in C:\SVN2\WebBuying_TGP\Edge.NewWeb\Operation\StoreOrderManagement\StoreOrder\List.aspx.cs:line 223
2017-06-13 18:13:44,424  User ,functionName:Login,msg: Login Operation userName:admin 
2017-06-13 18:13:53,992  User ,functionName:Login,msg: Login Operation userName:admin 
2017-06-13 18:18:07,857  User ,functionName:Login,msg: Login Operation userName:admin 
2017-06-13 18:27:19,214  User admin,functionName:,msg:Approve Success :RECIO0000001320 
2017-06-13 18:31:48,410  User ,functionName:Login,msg: Login Operation userName:admin 
2017-06-13 18:31:57,773  User admin,functionName:Store Order,msg:Load Faild,Error Message: 
System.Data.DuplicateNameException: A column named 'DeliveryStatus' already belongs to this DataTable.
   at System.Data.DataColumnCollection.RegisterColumnName(String name, DataColumn column)
   at System.Data.DataColumnCollection.BaseAdd(DataColumn column)
   at System.Data.DataColumnCollection.AddAt(Int32 index, DataColumn column)
   at System.Data.DataColumnCollection.Add(DataColumn column)
   at Edge.Web.Tools.DataTool.AddDeliveryStatusName(DataSet ds, String newColunm, String deliveryStatus) in C:\SVN2\WebBuying_TGP\Edge.NewWeb\Tools\DataTool.cs:line 388
   at Edge.Web.Controllers.Operation.StoreOrderManagement.StoreOrder.StoreOrderController.GetTransactionList(String strWhere, Int32 pageSize, Int32 pageIndex, Int32& recodeCount, String sortFieldStr) in C:\SVN2\WebBuying_TGP\Edge.NewWeb\Controllers\Operation\StoreOrderManagement\StoreOrderController.cs:line 57
   at Edge.Web.Operation.StoreOrderManagement.StoreOrder.List.RptBind(String strWhere, String orderby) in C:\SVN2\WebBuying_TGP\Edge.NewWeb\Operation\StoreOrderManagement\StoreOrder\List.aspx.cs:line 223
2017-06-13 18:35:14,410  User admin,functionName:Store Order,msg:Load Faild,Error Message: 
System.Data.DuplicateNameException: A column named 'DeliveryStatus' already belongs to this DataTable.
   at System.Data.DataColumnCollection.RegisterColumnName(String name, DataColumn column)
   at System.Data.DataColumnCollection.BaseAdd(DataColumn column)
   at System.Data.DataColumnCollection.AddAt(Int32 index, DataColumn column)
   at System.Data.DataColumnCollection.Add(DataColumn column)
   at Edge.Web.Tools.DataTool.AddDeliveryStatusName(DataSet ds, String newColunm, String deliveryStatus) in C:\SVN2\WebBuying_TGP\Edge.NewWeb\Tools\DataTool.cs:line 388
   at Edge.Web.Controllers.Operation.StoreOrderManagement.StoreOrder.StoreOrderController.GetTransactionList(String strWhere, Int32 pageSize, Int32 pageIndex, Int32& recodeCount, String sortFieldStr) in C:\SVN2\WebBuying_TGP\Edge.NewWeb\Controllers\Operation\StoreOrderManagement\StoreOrderController.cs:line 57
   at Edge.Web.Operation.StoreOrderManagement.StoreOrder.List.RptBind(String strWhere, String orderby) in C:\SVN2\WebBuying_TGP\Edge.NewWeb\Operation\StoreOrderManagement\StoreOrder\List.aspx.cs:line 223
2017-06-13 18:35:20,354  User admin,functionName:Store Order,msg:Load Faild,Error Message: 
System.Data.DuplicateNameException: A column named 'DeliveryStatus' already belongs to this DataTable.
   at System.Data.DataColumnCollection.RegisterColumnName(String name, DataColumn column)
   at System.Data.DataColumnCollection.BaseAdd(DataColumn column)
   at System.Data.DataColumnCollection.AddAt(Int32 index, DataColumn column)
   at System.Data.DataColumnCollection.Add(DataColumn column)
   at Edge.Web.Tools.DataTool.AddDeliveryStatusName(DataSet ds, String newColunm, String deliveryStatus) in C:\SVN2\WebBuying_TGP\Edge.NewWeb\Tools\DataTool.cs:line 388
   at Edge.Web.Controllers.Operation.StoreOrderManagement.StoreOrder.StoreOrderController.GetTransactionList(String strWhere, Int32 pageSize, Int32 pageIndex, Int32& recodeCount, String sortFieldStr) in C:\SVN2\WebBuying_TGP\Edge.NewWeb\Controllers\Operation\StoreOrderManagement\StoreOrderController.cs:line 57
   at Edge.Web.Operation.StoreOrderManagement.StoreOrder.List.RptBind(String strWhere, String orderby) in C:\SVN2\WebBuying_TGP\Edge.NewWeb\Operation\StoreOrderManagement\StoreOrder\List.aspx.cs:line 223
2017-06-13 18:35:57,761  User admin,functionName:Store Order,msg:Load Faild,Error Message: 
System.Data.DuplicateNameException: A column named 'DeliveryStatus' already belongs to this DataTable.
   at System.Data.DataColumnCollection.RegisterColumnName(String name, DataColumn column)
   at System.Data.DataColumnCollection.BaseAdd(DataColumn column)
   at System.Data.DataColumnCollection.AddAt(Int32 index, DataColumn column)
   at System.Data.DataColumnCollection.Add(DataColumn column)
   at Edge.Web.Tools.DataTool.AddDeliveryStatusName(DataSet ds, String newColunm, String deliveryStatus) in C:\SVN2\WebBuying_TGP\Edge.NewWeb\Tools\DataTool.cs:line 388
   at Edge.Web.Controllers.Operation.StoreOrderManagement.StoreOrder.StoreOrderController.GetTransactionList(String strWhere, Int32 pageSize, Int32 pageIndex, Int32& recodeCount, String sortFieldStr) in C:\SVN2\WebBuying_TGP\Edge.NewWeb\Controllers\Operation\StoreOrderManagement\StoreOrderController.cs:line 57
   at Edge.Web.Operation.StoreOrderManagement.StoreOrder.List.RptBind(String strWhere, String orderby) in C:\SVN2\WebBuying_TGP\Edge.NewWeb\Operation\StoreOrderManagement\StoreOrder\List.aspx.cs:line 223
2017-06-13 18:36:52,617  User ,functionName:Login,msg: Login Operation userName:admin 
2017-06-13 19:11:44,807  User ,functionName:Login,msg: Login Operation userName:admin 
2017-06-13 19:25:24,580  User ,functionName:Login,msg: Login Operation userName:admin 
